Using pre-set license
Built from '2022.3/staging' branch; Version is '2022.3.29f1 (8d510ca76d2b) revision 9261324'; Using compiler version '192829333'; Build Type 'Release'
OS: 'Windows 10  (10.0.19045) 64bit Core' Language: 'en' Physical Memory: 16312 MB
BatchMode: 1, IsHumanControllingUs: 0, StartBugReporterOnCrash: 0, Is64bit: 1, IsPro: 1

COMMAND LINE ARGUMENTS:
C:\Program Files\Unity\Hub\Editor\2022.3.29f1\Editor\Unity.exe
-adb2
-batchMode
-noUpm
-name
AssetImportWorker1
-projectPath
C:/Users/mert1/OneDrive/Documents/GitHub/Google-Jam-2024/GoogleProject_Ebrar
-logFile
Logs/AssetImportWorker1.log
-srvPort
51358
Successfully changed project path to: C:/Users/mert1/OneDrive/Documents/GitHub/Google-Jam-2024/GoogleProject_Ebrar
C:/Users/mert1/OneDrive/Documents/GitHub/Google-Jam-2024/GoogleProject_Ebrar
[UnityMemory] Configuration Parameters - Can be set up in boot.config
    "memorysetup-bucket-allocator-granularity=16"
    "memorysetup-bucket-allocator-bucket-count=8"
    "memorysetup-bucket-allocator-block-size=33554432"
    "memorysetup-bucket-allocator-block-count=8"
    "memorysetup-main-allocator-block-size=16777216"
    "memorysetup-thread-allocator-block-size=16777216"
    "memorysetup-gfx-main-allocator-block-size=16777216"
    "memorysetup-gfx-thread-allocator-block-size=16777216"
    "memorysetup-cache-allocator-block-size=4194304"
    "memorysetup-typetree-allocator-block-size=2097152"
    "memorysetup-profiler-bucket-allocator-granularity=16"
    "memorysetup-profiler-bucket-allocator-bucket-count=8"
    "memorysetup-profiler-bucket-allocator-block-size=33554432"
    "memorysetup-profiler-bucket-allocator-block-count=8"
    "memorysetup-profiler-allocator-block-size=16777216"
    "memorysetup-profiler-editor-allocator-block-size=1048576"
    "memorysetup-temp-allocator-size-main=16777216"
    "memorysetup-job-temp-allocator-block-size=2097152"
    "memorysetup-job-temp-allocator-block-size-background=1048576"
    "memorysetup-job-temp-allocator-reduction-small-platforms=262144"
    "memorysetup-allocator-temp-initial-block-size-main=262144"
    "memorysetup-allocator-temp-initial-block-size-worker=262144"
    "memorysetup-temp-allocator-size-background-worker=32768"
    "memorysetup-temp-allocator-size-job-worker=262144"
    "memorysetup-temp-allocator-size-preload-manager=33554432"
    "memorysetup-temp-allocator-size-nav-mesh-worker=65536"
    "memorysetup-temp-allocator-size-audio-worker=65536"
    "memorysetup-temp-allocator-size-cloud-worker=32768"
    "memorysetup-temp-allocator-size-gi-baking-worker=262144"
    "memorysetup-temp-allocator-size-gfx=262144"
Player connection [19408] Host "[IP] 192.168.1.200 [Port] 0 [Flags] 2 [Guid] 528489477 [EditorId] 528489477 [Version] 1048832 [Id] WindowsEditor(7,MERO) [Debug] 1 [PackageName] WindowsEditor [ProjectName] Editor" joined multi-casting on [225.0.0.222:54997]...

Player connection [19408] Host "[IP] 192.168.1.200 [Port] 0 [Flags] 2 [Guid] 528489477 [EditorId] 528489477 [Version] 1048832 [Id] WindowsEditor(7,MERO) [Debug] 1 [PackageName] WindowsEditor [ProjectName] Editor" joined alternative multi-casting on [225.0.0.222:34997]...

[Physics::Module] Initialized MultithreadedJobDispatcher with 11 workers.
Refreshing native plugins compatible for Editor in 16.69 ms, found 3 plugins.
Preloading 0 native plugins for Editor in 0.00 ms.
Initialize engine version: 2022.3.29f1 (8d510ca76d2b)
[Subsystems] Discovering subsystems at path C:/Program Files/Unity/Hub/Editor/2022.3.29f1/Editor/Data/Resources/UnitySubsystems
[Subsystems] Discovering subsystems at path C:/Users/mert1/OneDrive/Documents/GitHub/Google-Jam-2024/GoogleProject_Ebrar/Assets
GfxDevice: creating device client; threaded=0; jobified=0
Direct3D:
    Version:  Direct3D 11.0 [level 11.1]
    Renderer: NVIDIA GeForce GTX 1660 Ti (ID=0x2182)
    Vendor:   NVIDIA
    VRAM:     5966 MB
    Driver:   31.0.15.5244
Initialize mono
Mono path[0] = 'C:/Program Files/Unity/Hub/Editor/2022.3.29f1/Editor/Data/Managed'
Mono path[1] = 'C:/Program Files/Unity/Hub/Editor/2022.3.29f1/Editor/Data/MonoBleedingEdge/lib/mono/unityjit-win32'
Mono config path = 'C:/Program Files/Unity/Hub/Editor/2022.3.29f1/Editor/Data/MonoBleedingEdge/etc'
Using monoOptions --debugger-agent=transport=dt_socket,embedding=1,server=y,suspend=n,address=127.0.0.1:56632
Begin MonoManager ReloadAssembly
Registering precompiled unity dll's ...
Register platform support module: C:/Program Files/Unity/Hub/Editor/2022.3.29f1/Editor/Data/PlaybackEngines/WindowsStandaloneSupport/UnityEditor.WindowsStandalone.Extensions.dll
Registered in 0.018962 seconds.
- Loaded All Assemblies, in  0.475 seconds
Native extension for WindowsStandalone target not found
Mono: successfully reloaded assembly
- Finished resetting the current domain, in  0.341 seconds
Domain Reload Profiling: 811ms
	BeginReloadAssembly (144ms)
		ExecutionOrderSort (0ms)
		DisableScriptedObjects (0ms)
		BackupInstance (0ms)
		ReleaseScriptingObjects (0ms)
		CreateAndSetChildDomain (1ms)
	RebuildCommonClasses (47ms)
	RebuildNativeTypeToScriptingClass (19ms)
	initialDomainReloadingComplete (96ms)
	LoadAllAssembliesAndSetupDomain (163ms)
		LoadAssemblies (138ms)
		RebuildTransferFunctionScriptingTraits (0ms)
		AnalyzeDomain (160ms)
			TypeCache.Refresh (159ms)
				TypeCache.ScanAssembly (144ms)
			ScanForSourceGeneratedMonoScriptInfo (0ms)
			ResolveRequiredComponents (1ms)
	FinalizeReload (342ms)
		ReleaseScriptCaches (0ms)
		RebuildScriptCaches (0ms)
		SetupLoadedEditorAssemblies (271ms)
			LogAssemblyErrors (0ms)
			InitializePlatformSupportModulesInManaged (19ms)
			SetLoadedEditorAssemblies (8ms)
			RefreshPlugins (0ms)
			BeforeProcessingInitializeOnLoad (3ms)
			ProcessInitializeOnLoadAttributes (182ms)
			ProcessInitializeOnLoadMethodAttributes (59ms)
			AfterProcessingInitializeOnLoad (0ms)
			EditorAssembliesLoaded (0ms)
		ExecutionOrderSort2 (0ms)
		AwakeInstancesAfterBackupRestoration (0ms)
========================================================================
Worker process is ready to serve import requests
Begin MonoManager ReloadAssembly
Symbol file data-0000023A0D4340D0 doesn't match image C:\Users\mert1\OneDrive\Documents\GitHub\Google-Jam-2024\GoogleProject_Ebrar\Library\ScriptAssemblies\Unity.EditorCoroutines.Editor.dll
Symbol file LoadedFromMemory is not a mono symbol file
Symbol file data-0000023A0E798C50 doesn't match image C:\Users\mert1\OneDrive\Documents\GitHub\Google-Jam-2024\GoogleProject_Ebrar\Library\ScriptAssemblies\Unity.PlasticSCM.Editor.dll
Symbol file LoadedFromMemory is not a mono symbol file
Symbol file data-0000023A0D4340D0 doesn't match image C:\Users\mert1\OneDrive\Documents\GitHub\Google-Jam-2024\GoogleProject_Ebrar\Library\ScriptAssemblies\Unity.ProBuilder.Stl.dll
Symbol file LoadedFromMemory is not a mono symbol file
Symbol file data-0000023A0E798C50 doesn't match image C:\Users\mert1\OneDrive\Documents\GitHub\Google-Jam-2024\GoogleProject_Ebrar\Library\ScriptAssemblies\Unity.ProBuilder.dll
Symbol file LoadedFromMemory is not a mono symbol file
Symbol file data-00000239C8319A80 doesn't match image C:\Users\mert1\OneDrive\Documents\GitHub\Google-Jam-2024\GoogleProject_Ebrar\Library\ScriptAssemblies\Unity.Timeline.Editor.dll
Symbol file LoadedFromMemory is not a mono symbol file
Symbol file data-0000023A0D4340D0 doesn't match image C:\Users\mert1\OneDrive\Documents\GitHub\Google-Jam-2024\GoogleProject_Ebrar\Library\ScriptAssemblies\Unity.VisualScripting.Shared.Editor.dll
Symbol file LoadedFromMemory is not a mono symbol file
Symbol file data-0000023A0D4340D0 doesn't match image C:\Users\mert1\OneDrive\Documents\GitHub\Google-Jam-2024\GoogleProject_Ebrar\Library\ScriptAssemblies\Unity.CollabProxy.Editor.dll
Symbol file LoadedFromMemory is not a mono symbol file
Symbol file data-0000023A0C7DD430 doesn't match image C:\Users\mert1\OneDrive\Documents\GitHub\Google-Jam-2024\GoogleProject_Ebrar\Library\ScriptAssemblies\Unity.VisualStudio.Editor.dll
Symbol file LoadedFromMemory is not a mono symbol file
Symbol file data-0000023A0C7DD430 doesn't match image C:\Users\mert1\OneDrive\Documents\GitHub\Google-Jam-2024\GoogleProject_Ebrar\Library\ScriptAssemblies\UnityEditor.UI.dll
Symbol file LoadedFromMemory is not a mono symbol file
Symbol file data-00000239C8319A80 doesn't match image C:\Users\mert1\OneDrive\Documents\GitHub\Google-Jam-2024\GoogleProject_Ebrar\Library\ScriptAssemblies\Unity.VisualScripting.Core.dll
Symbol file LoadedFromMemory is not a mono symbol file
Symbol file data-0000023A0E7BA660 doesn't match image C:\Users\mert1\OneDrive\Documents\GitHub\Google-Jam-2024\GoogleProject_Ebrar\Library\ScriptAssemblies\UnityEngine.UI.dll
Symbol file LoadedFromMemory is not a mono symbol file
Symbol file data-0000023A0C4A9030 doesn't match image C:\Users\mert1\OneDrive\Documents\GitHub\Google-Jam-2024\GoogleProject_Ebrar\Library\ScriptAssemblies\Unity.VisualScripting.Core.Editor.dll
Symbol file LoadedFromMemory is not a mono symbol file
Symbol file data-0000023A0D4340D0 doesn't match image C:\Users\mert1\OneDrive\Documents\GitHub\Google-Jam-2024\GoogleProject_Ebrar\Library\ScriptAssemblies\Unity.ProBuilder.AddOns.Editor.dll
Symbol file LoadedFromMemory is not a mono symbol file
Symbol file data-00000239C835B290 doesn't match image C:\Users\mert1\OneDrive\Documents\GitHub\Google-Jam-2024\GoogleProject_Ebrar\Library\ScriptAssemblies\Unity.Rider.Editor.dll
Symbol file LoadedFromMemory is not a mono symbol file
Symbol file data-0000023A0BE25DD0 doesn't match image C:\Users\mert1\OneDrive\Documents\GitHub\Google-Jam-2024\GoogleProject_Ebrar\Library\ScriptAssemblies\Unity.ProBuilder.Csg.dll
Symbol file LoadedFromMemory is not a mono symbol file
Symbol file data-0000023A0C4E0640 doesn't match image C:\Users\mert1\OneDrive\Documents\GitHub\Google-Jam-2024\GoogleProject_Ebrar\Library\ScriptAssemblies\UnityEditor.TestRunner.dll
Symbol file LoadedFromMemory is not a mono symbol file
Symbol file data-0000023A0D48FDE0 doesn't match image C:\Users\mert1\OneDrive\Documents\GitHub\Google-Jam-2024\GoogleProject_Ebrar\Library\ScriptAssemblies\Unity.VisualScripting.Flow.dll
Symbol file LoadedFromMemory is not a mono symbol file
Symbol file data-0000023A0DA8E230 doesn't match image C:\Users\mert1\OneDrive\Documents\GitHub\Google-Jam-2024\GoogleProject_Ebrar\Library\ScriptAssemblies\Unity.VisualScripting.Flow.Editor.dll
Symbol file LoadedFromMemory is not a mono symbol file
Symbol file data-0000023A0DA8E230 doesn't match image C:\Users\mert1\OneDrive\Documents\GitHub\Google-Jam-2024\GoogleProject_Ebrar\Library\ScriptAssemblies\Unity.Timeline.dll
Symbol file LoadedFromMemory is not a mono symbol file
Symbol file data-0000023A0BE25DD0 doesn't match image C:\Users\mert1\OneDrive\Documents\GitHub\Google-Jam-2024\GoogleProject_Ebrar\Library\ScriptAssemblies\Unity.TestTools.CodeCoverage.Editor.OpenCover.Mono.Reflection.dll
Symbol file LoadedFromMemory is not a mono symbol file
Symbol file data-0000023A0C104020 doesn't match image C:\Users\mert1\OneDrive\Documents\GitHub\Google-Jam-2024\GoogleProject_Ebrar\Library\ScriptAssemblies\Unity.ProBuilder.Editor.dll
Symbol file LoadedFromMemory is not a mono symbol file
Symbol file data-0000023A0DFAFA20 doesn't match image C:\Users\mert1\OneDrive\Documents\GitHub\Google-Jam-2024\GoogleProject_Ebrar\Library\ScriptAssemblies\Unity.VisualScripting.SettingsProvider.Editor.dll
Symbol file LoadedFromMemory is not a mono symbol file
Symbol file data-0000023A0DA8E230 doesn't match image C:\Users\mert1\OneDrive\Documents\GitHub\Google-Jam-2024\GoogleProject_Ebrar\Library\ScriptAssemblies\Unity.Performance.Profile-Analyzer.Editor.dll
Symbol file LoadedFromMemory is not a mono symbol file
Symbol file data-0000023A0D8B0E40 doesn't match image C:\Users\mert1\OneDrive\Documents\GitHub\Google-Jam-2024\GoogleProject_Ebrar\Library\ScriptAssemblies\Unity.TestTools.CodeCoverage.Editor.dll
Symbol file LoadedFromMemory is not a mono symbol file
Symbol file data-0000023A0D556010 doesn't match image C:\Users\mert1\OneDrive\Documents\GitHub\Google-Jam-2024\GoogleProject_Ebrar\Library\ScriptAssemblies\Unity.TestTools.CodeCoverage.Editor.OpenCover.Model.dll
Symbol file LoadedFromMemory is not a mono symbol file
Symbol file data-0000023A0E7BA660 doesn't match image C:\Users\mert1\OneDrive\Documents\GitHub\Google-Jam-2024\GoogleProject_Ebrar\Library\ScriptAssemblies\Unity.ProBuilder.Poly2Tri.dll
Symbol file LoadedFromMemory is not a mono symbol file
Symbol file data-0000023A0D4E2BF0 doesn't match image C:\Users\mert1\OneDrive\Documents\GitHub\Google-Jam-2024\GoogleProject_Ebrar\Library\ScriptAssemblies\UnityEngine.TestRunner.dll
Symbol file LoadedFromMemory is not a mono symbol file
Symbol file data-0000023A0D4FB400 doesn't match image C:\Users\mert1\OneDrive\Documents\GitHub\Google-Jam-2024\GoogleProject_Ebrar\Library\ScriptAssemblies\Unity.VisualScripting.State.Editor.dll
Symbol file LoadedFromMemory is not a mono symbol file
Symbol file data-0000023A0D556010 doesn't match image C:\Users\mert1\OneDrive\Documents\GitHub\Google-Jam-2024\GoogleProject_Ebrar\Library\ScriptAssemblies\Unity.Settings.Editor.dll
Symbol file LoadedFromMemory is not a mono symbol file
Symbol file data-0000023A0D50D820 doesn't match image C:\Users\mert1\OneDrive\Documents\GitHub\Google-Jam-2024\GoogleProject_Ebrar\Library\ScriptAssemblies\Unity.ProBuilder.KdTree.dll
Symbol file LoadedFromMemory is not a mono symbol file
Symbol file data-0000023A0D613420 doesn't match image C:\Users\mert1\OneDrive\Documents\GitHub\Google-Jam-2024\GoogleProject_Ebrar\Library\ScriptAssemblies\Unity.TextMeshPro.dll
Symbol file LoadedFromMemory is not a mono symbol file
Symbol file data-0000023A0C17DE40 doesn't match image C:\Users\mert1\OneDrive\Documents\GitHub\Google-Jam-2024\GoogleProject_Ebrar\Library\ScriptAssemblies\Unity.TextMeshPro.Editor.dll
Symbol file LoadedFromMemory is not a mono symbol file
Symbol file data-0000023A0D50D820 doesn't match image C:\Users\mert1\OneDrive\Documents\GitHub\Google-Jam-2024\GoogleProject_Ebrar\Library\ScriptAssemblies\Unity.ProBuilder.AssetIdRemapUtility.dll
Symbol file LoadedFromMemory is not a mono symbol file
Symbol file data-0000023A0D556010 doesn't match image C:\Users\mert1\OneDrive\Documents\GitHub\Google-Jam-2024\GoogleProject_Ebrar\Library\ScriptAssemblies\Unity.VisualScripting.State.dll
Symbol file LoadedFromMemory is not a mono symbol file
Symbol file data-0000023A0D556010 doesn't match image C:\Users\mert1\OneDrive\Documents\GitHub\Google-Jam-2024\GoogleProject_Ebrar\Library\ScriptAssemblies\Unity.VSCode.Editor.dll
Symbol file LoadedFromMemory is not a mono symbol file
- Loaded All Assemblies, in  0.996 seconds
Refreshing native plugins compatible for Editor in 8.27 ms, found 3 plugins.
Native extension for WindowsStandalone target not found
Package Manager log level set to [2]
[Package Manager] Server::EnsureServerProcessIsRunning -- launch failed, reason: Unity was launched with the -noUpm command-line argument
[Package Manager] UpmClient::Send -- Unable to send message (not connected to UPM process).
[Package Manager] Cannot connect to Unity Package Manager local server
Mono: successfully reloaded assembly
- Finished resetting the current domain, in  0.977 seconds
Domain Reload Profiling: 1961ms
	BeginReloadAssembly (218ms)
		ExecutionOrderSort (0ms)
		DisableScriptedObjects (8ms)
		BackupInstance (0ms)
		ReleaseScriptingObjects (0ms)
		CreateAndSetChildDomain (27ms)
	RebuildCommonClasses (57ms)
	RebuildNativeTypeToScriptingClass (18ms)
	initialDomainReloadingComplete (80ms)
	LoadAllAssembliesAndSetupDomain (611ms)
		LoadAssemblies (507ms)
		RebuildTransferFunctionScriptingTraits (0ms)
		AnalyzeDomain (233ms)
			TypeCache.Refresh (204ms)
				TypeCache.ScanAssembly (186ms)
			ScanForSourceGeneratedMonoScriptInfo (22ms)
			ResolveRequiredComponents (6ms)
	FinalizeReload (977ms)
		ReleaseScriptCaches (0ms)
		RebuildScriptCaches (0ms)
		SetupLoadedEditorAssemblies (789ms)
			LogAssemblyErrors (0ms)
			InitializePlatformSupportModulesInManaged (11ms)
			SetLoadedEditorAssemblies (4ms)
			RefreshPlugins (0ms)
			BeforeProcessingInitializeOnLoad (103ms)
			ProcessInitializeOnLoadAttributes (623ms)
			ProcessInitializeOnLoadMethodAttributes (27ms)
			AfterProcessingInitializeOnLoad (22ms)
			EditorAssembliesLoaded (0ms)
		ExecutionOrderSort2 (0ms)
		AwakeInstancesAfterBackupRestoration (8ms)
Failed to load shader (instanceID 410, GUID 9c442dc870b456e48b615cd8add0e9ef)
Failed to load shader (instanceID 408, GUID 493b79ea9c9be44ed8b702014d3ac49c)
Launched and connected shader compiler UnityShaderCompiler.exe after 0.06 seconds
Refreshing native plugins compatible for Editor in 7.76 ms, found 3 plugins.
Preloading 0 native plugins for Editor in 0.00 ms.
Unloading 3455 Unused Serialized files (Serialized files now loaded: 0)
Unloading 36 unused Assets / (106.0 KB). Loaded Objects now: 3918.
Memory consumption went from 132.3 MB to 132.2 MB.
Total: 4.187500 ms (FindLiveObjects: 0.364500 ms CreateObjectMapping: 0.092900 ms MarkObjects: 3.563400 ms  DeleteObjects: 0.165100 ms)

AssetImportParameters requested are different than current active one (requested -> active):
  custom:container-demuxer-ogg: 62fdf1f143b41e24485cea50d1cbac27 -> 
  custom:video-decoder-ogg-theora: a1e56fd34408186e4bbccfd4996cb3dc -> 
  custom:framework-win-MediaFoundation: 216162199b28c13a410421893ffa2e32 -> 
  custom:CustomObjectIndexerAttribute: 9a22284fe3817be447336de3de66b15e -> 
  custom:container-demuxer-webm: 4f35f7cbe854078d1ac9338744f61a02 -> 
  custom:container-muxer-webm: aa71ff27fc2769a1b78a27578f13a17b -> 
  custom:video-decoder-webm-vp8: 9c59270c3fd7afecdb556c50c9e8de78 -> 
  custom:SearchIndexIgnoredProperties: e643bd26f0fe6173181afceb89e7c659 -> 
  custom:AudioImporter_EditorPlatform: d09bf68614088b80899f8185d706f6e7 -> 
  custom:video-encoder-webm-vp8: eb34c28f22e8b96e1ab97ce403110664 -> 
  custom:audio-decoder-ogg-vorbis: bf7c407c2cedff20999df2af8eb42d56 -> 
  custom:audio-encoder-webm-vorbis: bf7c407c2cedff20999df2af8eb42d56 -> 
========================================================================
Received Prepare
Begin MonoManager ReloadAssembly
Symbol file data-0000023A0E2FA040 doesn't match image C:\Users\mert1\OneDrive\Documents\GitHub\Google-Jam-2024\GoogleProject_Ebrar\Library\ScriptAssemblies\Unity.EditorCoroutines.Editor.dll
Symbol file LoadedFromMemory is not a mono symbol file
Symbol file data-0000023A17880AC0 doesn't match image C:\Users\mert1\OneDrive\Documents\GitHub\Google-Jam-2024\GoogleProject_Ebrar\Library\ScriptAssemblies\Unity.PlasticSCM.Editor.dll
Symbol file LoadedFromMemory is not a mono symbol file
Symbol file data-0000023A0D61B430 doesn't match image C:\Users\mert1\OneDrive\Documents\GitHub\Google-Jam-2024\GoogleProject_Ebrar\Library\ScriptAssemblies\Unity.ProBuilder.Stl.dll
Symbol file LoadedFromMemory is not a mono symbol file
Symbol file data-0000023A0EB98010 doesn't match image C:\Users\mert1\OneDrive\Documents\GitHub\Google-Jam-2024\GoogleProject_Ebrar\Library\ScriptAssemblies\Unity.ProBuilder.dll
Symbol file LoadedFromMemory is not a mono symbol file
Symbol file data-00000239C8319A80 doesn't match image C:\Users\mert1\OneDrive\Documents\GitHub\Google-Jam-2024\GoogleProject_Ebrar\Library\ScriptAssemblies\Unity.Timeline.Editor.dll
Symbol file LoadedFromMemory is not a mono symbol file
Symbol file data-0000023A0D4F51F0 doesn't match image C:\Users\mert1\OneDrive\Documents\GitHub\Google-Jam-2024\GoogleProject_Ebrar\Library\ScriptAssemblies\Unity.VisualScripting.Shared.Editor.dll
Symbol file LoadedFromMemory is not a mono symbol file
Symbol file data-0000023A0D4F51F0 doesn't match image C:\Users\mert1\OneDrive\Documents\GitHub\Google-Jam-2024\GoogleProject_Ebrar\Library\ScriptAssemblies\Unity.CollabProxy.Editor.dll
Symbol file LoadedFromMemory is not a mono symbol file
Symbol file data-0000023A0C987030 doesn't match image C:\Users\mert1\OneDrive\Documents\GitHub\Google-Jam-2024\GoogleProject_Ebrar\Library\ScriptAssemblies\Unity.VisualStudio.Editor.dll
Symbol file LoadedFromMemory is not a mono symbol file
Symbol file data-0000023A0D61B430 doesn't match image C:\Users\mert1\OneDrive\Documents\GitHub\Google-Jam-2024\GoogleProject_Ebrar\Library\ScriptAssemblies\UnityEditor.UI.dll
Symbol file LoadedFromMemory is not a mono symbol file
Symbol file data-0000023A0F609040 doesn't match image C:\Users\mert1\OneDrive\Documents\GitHub\Google-Jam-2024\GoogleProject_Ebrar\Library\ScriptAssemblies\Unity.VisualScripting.Core.dll
Symbol file LoadedFromMemory is not a mono symbol file
Symbol file data-0000023A0EB98010 doesn't match image C:\Users\mert1\OneDrive\Documents\GitHub\Google-Jam-2024\GoogleProject_Ebrar\Library\ScriptAssemblies\UnityEngine.UI.dll
Symbol file LoadedFromMemory is not a mono symbol file
Symbol file data-0000023A0C4A4A70 doesn't match image C:\Users\mert1\OneDrive\Documents\GitHub\Google-Jam-2024\GoogleProject_Ebrar\Library\ScriptAssemblies\Unity.VisualScripting.Core.Editor.dll
Symbol file LoadedFromMemory is not a mono symbol file
Symbol file data-0000023A0D4F51F0 doesn't match image C:\Users\mert1\OneDrive\Documents\GitHub\Google-Jam-2024\GoogleProject_Ebrar\Library\ScriptAssemblies\Unity.ProBuilder.AddOns.Editor.dll
Symbol file LoadedFromMemory is not a mono symbol file
Symbol file data-0000023A0D61B430 doesn't match image C:\Users\mert1\OneDrive\Documents\GitHub\Google-Jam-2024\GoogleProject_Ebrar\Library\ScriptAssemblies\Unity.Rider.Editor.dll
Symbol file LoadedFromMemory is not a mono symbol file
Symbol file data-0000023A0BF7DA30 doesn't match image C:\Users\mert1\OneDrive\Documents\GitHub\Google-Jam-2024\GoogleProject_Ebrar\Library\ScriptAssemblies\Unity.ProBuilder.Csg.dll
Symbol file LoadedFromMemory is not a mono symbol file
Symbol file data-00000239C7AE9210 doesn't match image C:\Users\mert1\OneDrive\Documents\GitHub\Google-Jam-2024\GoogleProject_Ebrar\Library\ScriptAssemblies\UnityEditor.TestRunner.dll
Symbol file LoadedFromMemory is not a mono symbol file
Symbol file data-0000023A173DCA50 doesn't match image C:\Users\mert1\OneDrive\Documents\GitHub\Google-Jam-2024\GoogleProject_Ebrar\Library\ScriptAssemblies\Unity.VisualScripting.Flow.dll
Symbol file LoadedFromMemory is not a mono symbol file
Symbol file data-0000023A18410020 doesn't match image C:\Users\mert1\OneDrive\Documents\GitHub\Google-Jam-2024\GoogleProject_Ebrar\Library\ScriptAssemblies\Unity.VisualScripting.Flow.Editor.dll
Symbol file LoadedFromMemory is not a mono symbol file
Symbol file data-0000023A18083010 doesn't match image C:\Users\mert1\OneDrive\Documents\GitHub\Google-Jam-2024\GoogleProject_Ebrar\Library\ScriptAssemblies\Unity.Timeline.dll
Symbol file LoadedFromMemory is not a mono symbol file
Symbol file data-0000023A0BF7DA30 doesn't match image C:\Users\mert1\OneDrive\Documents\GitHub\Google-Jam-2024\GoogleProject_Ebrar\Library\ScriptAssemblies\Unity.TestTools.CodeCoverage.Editor.OpenCover.Mono.Reflection.dll
Symbol file LoadedFromMemory is not a mono symbol file
Symbol file data-0000023A173DCA50 doesn't match image C:\Users\mert1\OneDrive\Documents\GitHub\Google-Jam-2024\GoogleProject_Ebrar\Library\ScriptAssemblies\Unity.ProBuilder.Editor.dll
Symbol file LoadedFromMemory is not a mono symbol file
Symbol file data-0000023A0EBBBE20 doesn't match image C:\Users\mert1\OneDrive\Documents\GitHub\Google-Jam-2024\GoogleProject_Ebrar\Library\ScriptAssemblies\Unity.VisualScripting.SettingsProvider.Editor.dll
Symbol file LoadedFromMemory is not a mono symbol file
Symbol file data-0000023A18410020 doesn't match image C:\Users\mert1\OneDrive\Documents\GitHub\Google-Jam-2024\GoogleProject_Ebrar\Library\ScriptAssemblies\Unity.Performance.Profile-Analyzer.Editor.dll
Symbol file LoadedFromMemory is not a mono symbol file
Symbol file data-0000023A0C987030 doesn't match image C:\Users\mert1\OneDrive\Documents\GitHub\Google-Jam-2024\GoogleProject_Ebrar\Library\ScriptAssemblies\Unity.TestTools.CodeCoverage.Editor.dll
Symbol file LoadedFromMemory is not a mono symbol file
Symbol file data-0000023A178B80D0 doesn't match image C:\Users\mert1\OneDrive\Documents\GitHub\Google-Jam-2024\GoogleProject_Ebrar\Library\ScriptAssemblies\Unity.TestTools.CodeCoverage.Editor.OpenCover.Model.dll
Symbol file LoadedFromMemory is not a mono symbol file
Symbol file data-0000023A0D61B430 doesn't match image C:\Users\mert1\OneDrive\Documents\GitHub\Google-Jam-2024\GoogleProject_Ebrar\Library\ScriptAssemblies\Unity.ProBuilder.Poly2Tri.dll
Symbol file LoadedFromMemory is not a mono symbol file
Symbol file data-0000023A17E5E010 doesn't match image C:\Users\mert1\OneDrive\Documents\GitHub\Google-Jam-2024\GoogleProject_Ebrar\Library\ScriptAssemblies\UnityEngine.TestRunner.dll
Symbol file LoadedFromMemory is not a mono symbol file
Symbol file data-0000023A0D61B430 doesn't match image C:\Users\mert1\OneDrive\Documents\GitHub\Google-Jam-2024\GoogleProject_Ebrar\Library\ScriptAssemblies\Unity.VisualScripting.State.Editor.dll
Symbol file LoadedFromMemory is not a mono symbol file
Symbol file data-0000023A0C4F7880 doesn't match image C:\Users\mert1\OneDrive\Documents\GitHub\Google-Jam-2024\GoogleProject_Ebrar\Library\ScriptAssemblies\Unity.Settings.Editor.dll
Symbol file LoadedFromMemory is not a mono symbol file
Symbol file data-0000023A0C4FCA90 doesn't match image C:\Users\mert1\OneDrive\Documents\GitHub\Google-Jam-2024\GoogleProject_Ebrar\Library\ScriptAssemblies\Unity.ProBuilder.KdTree.dll
Symbol file LoadedFromMemory is not a mono symbol file
Symbol file data-0000023A17309020 doesn't match image C:\Users\mert1\OneDrive\Documents\GitHub\Google-Jam-2024\GoogleProject_Ebrar\Library\ScriptAssemblies\Unity.TextMeshPro.dll
Symbol file LoadedFromMemory is not a mono symbol file
Symbol file data-0000023A0C194C80 doesn't match image C:\Users\mert1\OneDrive\Documents\GitHub\Google-Jam-2024\GoogleProject_Ebrar\Library\ScriptAssemblies\Unity.TextMeshPro.Editor.dll
Symbol file LoadedFromMemory is not a mono symbol file
Symbol file data-0000023A0C4FCA90 doesn't match image C:\Users\mert1\OneDrive\Documents\GitHub\Google-Jam-2024\GoogleProject_Ebrar\Library\ScriptAssemblies\Unity.ProBuilder.AssetIdRemapUtility.dll
Symbol file LoadedFromMemory is not a mono symbol file
Symbol file data-0000023A0C4FCA90 doesn't match image C:\Users\mert1\OneDrive\Documents\GitHub\Google-Jam-2024\GoogleProject_Ebrar\Library\ScriptAssemblies\Unity.VisualScripting.State.dll
Symbol file LoadedFromMemory is not a mono symbol file
Symbol file data-0000023A0C4FCA90 doesn't match image C:\Users\mert1\OneDrive\Documents\GitHub\Google-Jam-2024\GoogleProject_Ebrar\Library\ScriptAssemblies\Unity.VSCode.Editor.dll
Symbol file LoadedFromMemory is not a mono symbol file
- Loaded All Assemblies, in  0.660 seconds
Refreshing native plugins compatible for Editor in 7.72 ms, found 3 plugins.
Native extension for WindowsStandalone target not found
[Package Manager] Server::EnsureServerProcessIsRunning -- launch failed, reason: Unity was launched with the -noUpm command-line argument
[Package Manager] UpmClient::Send -- Unable to send message (not connected to UPM process).
[Package Manager] Cannot connect to Unity Package Manager local server
Mono: successfully reloaded assembly
- Finished resetting the current domain, in  1.866 seconds
Domain Reload Profiling: 2516ms
	BeginReloadAssembly (207ms)
		ExecutionOrderSort (0ms)
		DisableScriptedObjects (7ms)
		BackupInstance (0ms)
		ReleaseScriptingObjects (0ms)
		CreateAndSetChildDomain (35ms)
	RebuildCommonClasses (48ms)
	RebuildNativeTypeToScriptingClass (14ms)
	initialDomainReloadingComplete (52ms)
	LoadAllAssembliesAndSetupDomain (328ms)
		LoadAssemblies (425ms)
		RebuildTransferFunctionScriptingTraits (0ms)
		AnalyzeDomain (17ms)
			TypeCache.Refresh (7ms)
				TypeCache.ScanAssembly (0ms)
			ScanForSourceGeneratedMonoScriptInfo (0ms)
			ResolveRequiredComponents (8ms)
	FinalizeReload (1866ms)
		ReleaseScriptCaches (0ms)
		RebuildScriptCaches (0ms)
		SetupLoadedEditorAssemblies (749ms)
			LogAssemblyErrors (0ms)
			InitializePlatformSupportModulesInManaged (12ms)
			SetLoadedEditorAssemblies (4ms)
			RefreshPlugins (0ms)
			BeforeProcessingInitializeOnLoad (101ms)
			ProcessInitializeOnLoadAttributes (581ms)
			ProcessInitializeOnLoadMethodAttributes (30ms)
			AfterProcessingInitializeOnLoad (22ms)
			EditorAssembliesLoaded (0ms)
		ExecutionOrderSort2 (0ms)
		AwakeInstancesAfterBackupRestoration (8ms)
Failed to load shader (instanceID 410, GUID 9c442dc870b456e48b615cd8add0e9ef)
Failed to load shader (instanceID 408, GUID 493b79ea9c9be44ed8b702014d3ac49c)
Refreshing native plugins compatible for Editor in 7.29 ms, found 3 plugins.
Preloading 0 native plugins for Editor in 0.00 ms.
Unloading 3431 Unused Serialized files (Serialized files now loaded: 0)
Unloading 24 unused Assets / (77.7 KB). Loaded Objects now: 3921.
Memory consumption went from 127.4 MB to 127.3 MB.
Total: 3.662900 ms (FindLiveObjects: 0.325700 ms CreateObjectMapping: 0.096400 ms MarkObjects: 3.130200 ms  DeleteObjects: 0.109700 ms)

Prepare: number of updated asset objects reloaded= 0
AssetImportParameters requested are different than current active one (requested -> active):
  custom:container-demuxer-ogg: 62fdf1f143b41e24485cea50d1cbac27 -> 
  custom:video-decoder-ogg-theora: a1e56fd34408186e4bbccfd4996cb3dc -> 
  custom:framework-win-MediaFoundation: 216162199b28c13a410421893ffa2e32 -> 
  custom:CustomObjectIndexerAttribute: 9a22284fe3817be447336de3de66b15e -> 
  custom:container-demuxer-webm: 4f35f7cbe854078d1ac9338744f61a02 -> 
  custom:container-muxer-webm: aa71ff27fc2769a1b78a27578f13a17b -> 
  custom:video-decoder-webm-vp8: 9c59270c3fd7afecdb556c50c9e8de78 -> 
  custom:SearchIndexIgnoredProperties: e643bd26f0fe6173181afceb89e7c659 -> 
  custom:AudioImporter_EditorPlatform: d09bf68614088b80899f8185d706f6e7 -> 
  custom:video-encoder-webm-vp8: eb34c28f22e8b96e1ab97ce403110664 -> 
  custom:audio-decoder-ogg-vorbis: bf7c407c2cedff20999df2af8eb42d56 -> 
  custom:audio-encoder-webm-vorbis: bf7c407c2cedff20999df2af8eb42d56 -> 
========================================================================
Received Prepare
Begin MonoManager ReloadAssembly
Symbol file data-00000239C826EFF0 doesn't match image C:\Users\mert1\OneDrive\Documents\GitHub\Google-Jam-2024\GoogleProject_Ebrar\Library\ScriptAssemblies\Unity.EditorCoroutines.Editor.dll
Symbol file LoadedFromMemory is not a mono symbol file
Symbol file data-0000023A18304020 doesn't match image C:\Users\mert1\OneDrive\Documents\GitHub\Google-Jam-2024\GoogleProject_Ebrar\Library\ScriptAssemblies\Unity.PlasticSCM.Editor.dll
Symbol file LoadedFromMemory is not a mono symbol file
Symbol file data-0000023A0EAB8040 doesn't match image C:\Users\mert1\OneDrive\Documents\GitHub\Google-Jam-2024\GoogleProject_Ebrar\Library\ScriptAssemblies\Unity.ProBuilder.Stl.dll
Symbol file LoadedFromMemory is not a mono symbol file
Symbol file data-0000023A0C70FF00 doesn't match image C:\Users\mert1\OneDrive\Documents\GitHub\Google-Jam-2024\GoogleProject_Ebrar\Library\ScriptAssemblies\Unity.ProBuilder.dll
Symbol file LoadedFromMemory is not a mono symbol file
Symbol file data-00000239C8319A80 doesn't match image C:\Users\mert1\OneDrive\Documents\GitHub\Google-Jam-2024\GoogleProject_Ebrar\Library\ScriptAssemblies\Unity.Timeline.Editor.dll
Symbol file LoadedFromMemory is not a mono symbol file
Symbol file data-0000023A0EAB8040 doesn't match image C:\Users\mert1\OneDrive\Documents\GitHub\Google-Jam-2024\GoogleProject_Ebrar\Library\ScriptAssemblies\Unity.VisualScripting.Shared.Editor.dll
Symbol file LoadedFromMemory is not a mono symbol file
Symbol file data-00000239C8272600 doesn't match image C:\Users\mert1\OneDrive\Documents\GitHub\Google-Jam-2024\GoogleProject_Ebrar\Library\ScriptAssemblies\Unity.CollabProxy.Editor.dll
Symbol file LoadedFromMemory is not a mono symbol file
Symbol file data-0000023A0F5C9010 doesn't match image C:\Users\mert1\OneDrive\Documents\GitHub\Google-Jam-2024\GoogleProject_Ebrar\Library\ScriptAssemblies\Unity.VisualStudio.Editor.dll
Symbol file LoadedFromMemory is not a mono symbol file
Symbol file data-0000023A18049020 doesn't match image C:\Users\mert1\OneDrive\Documents\GitHub\Google-Jam-2024\GoogleProject_Ebrar\Library\ScriptAssemblies\UnityEditor.UI.dll
Symbol file LoadedFromMemory is not a mono symbol file
Symbol file data-0000023A0C3CF1B0 doesn't match image C:\Users\mert1\OneDrive\Documents\GitHub\Google-Jam-2024\GoogleProject_Ebrar\Library\ScriptAssemblies\Unity.VisualScripting.Core.dll
Symbol file LoadedFromMemory is not a mono symbol file
Symbol file data-0000023A0BF5C020 doesn't match image C:\Users\mert1\OneDrive\Documents\GitHub\Google-Jam-2024\GoogleProject_Ebrar\Library\ScriptAssemblies\UnityEngine.UI.dll
Symbol file LoadedFromMemory is not a mono symbol file
Symbol file data-0000023A0EE75010 doesn't match image C:\Users\mert1\OneDrive\Documents\GitHub\Google-Jam-2024\GoogleProject_Ebrar\Library\ScriptAssemblies\Unity.VisualScripting.Core.Editor.dll
Symbol file LoadedFromMemory is not a mono symbol file
Symbol file data-00000239C8272600 doesn't match image C:\Users\mert1\OneDrive\Documents\GitHub\Google-Jam-2024\GoogleProject_Ebrar\Library\ScriptAssemblies\Unity.ProBuilder.AddOns.Editor.dll
Symbol file LoadedFromMemory is not a mono symbol file
Symbol file data-0000023A0BE1FDC0 doesn't match image C:\Users\mert1\OneDrive\Documents\GitHub\Google-Jam-2024\GoogleProject_Ebrar\Library\ScriptAssemblies\Unity.Rider.Editor.dll
Symbol file LoadedFromMemory is not a mono symbol file
Symbol file data-0000023A0EAB8040 doesn't match image C:\Users\mert1\OneDrive\Documents\GitHub\Google-Jam-2024\GoogleProject_Ebrar\Library\ScriptAssemblies\Unity.ProBuilder.Csg.dll
Symbol file LoadedFromMemory is not a mono symbol file
Symbol file data-0000023A18410020 doesn't match image C:\Users\mert1\OneDrive\Documents\GitHub\Google-Jam-2024\GoogleProject_Ebrar\Library\ScriptAssemblies\UnityEditor.TestRunner.dll
Symbol file LoadedFromMemory is not a mono symbol file
Symbol file data-0000023A0C70FF00 doesn't match image C:\Users\mert1\OneDrive\Documents\GitHub\Google-Jam-2024\GoogleProject_Ebrar\Library\ScriptAssemblies\Unity.VisualScripting.Flow.dll
Symbol file LoadedFromMemory is not a mono symbol file
Symbol file data-0000023A0E3743F0 doesn't match image C:\Users\mert1\OneDrive\Documents\GitHub\Google-Jam-2024\GoogleProject_Ebrar\Library\ScriptAssemblies\Unity.VisualScripting.Flow.Editor.dll
Symbol file LoadedFromMemory is not a mono symbol file
Symbol file data-0000023A18083010 doesn't match image C:\Users\mert1\OneDrive\Documents\GitHub\Google-Jam-2024\GoogleProject_Ebrar\Library\ScriptAssemblies\Unity.Timeline.dll
Symbol file LoadedFromMemory is not a mono symbol file
Symbol file data-0000023A174B1630 doesn't match image C:\Users\mert1\OneDrive\Documents\GitHub\Google-Jam-2024\GoogleProject_Ebrar\Library\ScriptAssemblies\Unity.TestTools.CodeCoverage.Editor.OpenCover.Mono.Reflection.dll
Symbol file LoadedFromMemory is not a mono symbol file
Symbol file data-0000023A17A20010 doesn't match image C:\Users\mert1\OneDrive\Documents\GitHub\Google-Jam-2024\GoogleProject_Ebrar\Library\ScriptAssemblies\Unity.ProBuilder.Editor.dll
Symbol file LoadedFromMemory is not a mono symbol file
Symbol file data-0000023A174B1630 doesn't match image C:\Users\mert1\OneDrive\Documents\GitHub\Google-Jam-2024\GoogleProject_Ebrar\Library\ScriptAssemblies\Unity.VisualScripting.SettingsProvider.Editor.dll
Symbol file LoadedFromMemory is not a mono symbol file
Symbol file data-0000023A0E3743F0 doesn't match image C:\Users\mert1\OneDrive\Documents\GitHub\Google-Jam-2024\GoogleProject_Ebrar\Library\ScriptAssemblies\Unity.Performance.Profile-Analyzer.Editor.dll
Symbol file LoadedFromMemory is not a mono symbol file
Symbol file data-0000023A171EA010 doesn't match image C:\Users\mert1\OneDrive\Documents\GitHub\Google-Jam-2024\GoogleProject_Ebrar\Library\ScriptAssemblies\Unity.TestTools.CodeCoverage.Editor.dll
Symbol file LoadedFromMemory is not a mono symbol file
Symbol file data-0000023A17D66FA0 doesn't match image C:\Users\mert1\OneDrive\Documents\GitHub\Google-Jam-2024\GoogleProject_Ebrar\Library\ScriptAssemblies\Unity.TestTools.CodeCoverage.Editor.OpenCover.Model.dll
Symbol file LoadedFromMemory is not a mono symbol file
Symbol file data-0000023A0E260CC0 doesn't match image C:\Users\mert1\OneDrive\Documents\GitHub\Google-Jam-2024\GoogleProject_Ebrar\Library\ScriptAssemblies\Unity.ProBuilder.Poly2Tri.dll
Symbol file LoadedFromMemory is not a mono symbol file
Symbol file data-0000023A0C251010 doesn't match image C:\Users\mert1\OneDrive\Documents\GitHub\Google-Jam-2024\GoogleProject_Ebrar\Library\ScriptAssemblies\UnityEngine.TestRunner.dll
Symbol file LoadedFromMemory is not a mono symbol file
Symbol file data-0000023A18049020 doesn't match image C:\Users\mert1\OneDrive\Documents\GitHub\Google-Jam-2024\GoogleProject_Ebrar\Library\ScriptAssemblies\Unity.VisualScripting.State.Editor.dll
Symbol file LoadedFromMemory is not a mono symbol file
Symbol file data-0000023A17D66FA0 doesn't match image C:\Users\mert1\OneDrive\Documents\GitHub\Google-Jam-2024\GoogleProject_Ebrar\Library\ScriptAssemblies\Unity.Settings.Editor.dll
Symbol file LoadedFromMemory is not a mono symbol file
Symbol file data-0000023A0BF7FE30 doesn't match image C:\Users\mert1\OneDrive\Documents\GitHub\Google-Jam-2024\GoogleProject_Ebrar\Library\ScriptAssemblies\Unity.ProBuilder.KdTree.dll
Symbol file LoadedFromMemory is not a mono symbol file
Symbol file data-0000023A0C70FF00 doesn't match image C:\Users\mert1\OneDrive\Documents\GitHub\Google-Jam-2024\GoogleProject_Ebrar\Library\ScriptAssemblies\Unity.TextMeshPro.dll
Symbol file LoadedFromMemory is not a mono symbol file
Symbol file data-0000023A0C194C80 doesn't match image C:\Users\mert1\OneDrive\Documents\GitHub\Google-Jam-2024\GoogleProject_Ebrar\Library\ScriptAssemblies\Unity.TextMeshPro.Editor.dll
Symbol file LoadedFromMemory is not a mono symbol file
Symbol file data-0000023A1833CA30 doesn't match image C:\Users\mert1\OneDrive\Documents\GitHub\Google-Jam-2024\GoogleProject_Ebrar\Library\ScriptAssemblies\Unity.ProBuilder.AssetIdRemapUtility.dll
Symbol file LoadedFromMemory is not a mono symbol file
Symbol file data-0000023A1833CA30 doesn't match image C:\Users\mert1\OneDrive\Documents\GitHub\Google-Jam-2024\GoogleProject_Ebrar\Library\ScriptAssemblies\Unity.VisualScripting.State.dll
Symbol file LoadedFromMemory is not a mono symbol file
Symbol file data-0000023A1833CA30 doesn't match image C:\Users\mert1\OneDrive\Documents\GitHub\Google-Jam-2024\GoogleProject_Ebrar\Library\ScriptAssemblies\Unity.VSCode.Editor.dll
Symbol file LoadedFromMemory is not a mono symbol file
- Loaded All Assemblies, in  0.647 seconds
Refreshing native plugins compatible for Editor in 8.55 ms, found 3 plugins.
Native extension for WindowsStandalone target not found
[Package Manager] Server::EnsureServerProcessIsRunning -- launch failed, reason: Unity was launched with the -noUpm command-line argument
[Package Manager] UpmClient::Send -- Unable to send message (not connected to UPM process).
[Package Manager] Cannot connect to Unity Package Manager local server
Mono: successfully reloaded assembly
- Finished resetting the current domain, in  1.769 seconds
Domain Reload Profiling: 2406ms
	BeginReloadAssembly (196ms)
		ExecutionOrderSort (0ms)
		DisableScriptedObjects (7ms)
		BackupInstance (0ms)
		ReleaseScriptingObjects (0ms)
		CreateAndSetChildDomain (34ms)
	RebuildCommonClasses (42ms)
	RebuildNativeTypeToScriptingClass (15ms)
	initialDomainReloadingComplete (54ms)
	LoadAllAssembliesAndSetupDomain (330ms)
		LoadAssemblies (427ms)
		RebuildTransferFunctionScriptingTraits (0ms)
		AnalyzeDomain (16ms)
			TypeCache.Refresh (7ms)
				TypeCache.ScanAssembly (0ms)
			ScanForSourceGeneratedMonoScriptInfo (0ms)
			ResolveRequiredComponents (7ms)
	FinalizeReload (1770ms)
		ReleaseScriptCaches (0ms)
		RebuildScriptCaches (0ms)
		SetupLoadedEditorAssemblies (778ms)
			LogAssemblyErrors (0ms)
			InitializePlatformSupportModulesInManaged (12ms)
			SetLoadedEditorAssemblies (4ms)
			RefreshPlugins (0ms)
			BeforeProcessingInitializeOnLoad (104ms)
			ProcessInitializeOnLoadAttributes (609ms)
			ProcessInitializeOnLoadMethodAttributes (27ms)
			AfterProcessingInitializeOnLoad (23ms)
			EditorAssembliesLoaded (0ms)
		ExecutionOrderSort2 (0ms)
		AwakeInstancesAfterBackupRestoration (8ms)
Failed to load shader (instanceID 410, GUID 9c442dc870b456e48b615cd8add0e9ef)
Failed to load shader (instanceID 408, GUID 493b79ea9c9be44ed8b702014d3ac49c)
Refreshing native plugins compatible for Editor in 8.61 ms, found 3 plugins.
Preloading 0 native plugins for Editor in 0.00 ms.
Unloading 3431 Unused Serialized files (Serialized files now loaded: 0)
Unloading 24 unused Assets / (69.6 KB). Loaded Objects now: 3924.
Memory consumption went from 127.4 MB to 127.3 MB.
Total: 3.961400 ms (FindLiveObjects: 0.371600 ms CreateObjectMapping: 0.103100 ms MarkObjects: 3.368000 ms  DeleteObjects: 0.117100 ms)

Prepare: number of updated asset objects reloaded= 0
AssetImportParameters requested are different than current active one (requested -> active):
  custom:container-demuxer-ogg: 62fdf1f143b41e24485cea50d1cbac27 -> 
  custom:video-decoder-ogg-theora: a1e56fd34408186e4bbccfd4996cb3dc -> 
  custom:framework-win-MediaFoundation: 216162199b28c13a410421893ffa2e32 -> 
  custom:CustomObjectIndexerAttribute: 9a22284fe3817be447336de3de66b15e -> 
  custom:container-demuxer-webm: 4f35f7cbe854078d1ac9338744f61a02 -> 
  custom:container-muxer-webm: aa71ff27fc2769a1b78a27578f13a17b -> 
  custom:video-decoder-webm-vp8: 9c59270c3fd7afecdb556c50c9e8de78 -> 
  custom:SearchIndexIgnoredProperties: e643bd26f0fe6173181afceb89e7c659 -> 
  custom:AudioImporter_EditorPlatform: d09bf68614088b80899f8185d706f6e7 -> 
  custom:video-encoder-webm-vp8: eb34c28f22e8b96e1ab97ce403110664 -> 
  custom:audio-decoder-ogg-vorbis: bf7c407c2cedff20999df2af8eb42d56 -> 
  custom:audio-encoder-webm-vorbis: bf7c407c2cedff20999df2af8eb42d56 -> 
========================================================================
Received Prepare
Begin MonoManager ReloadAssembly
Symbol file data-00000239C826EFF0 doesn't match image C:\Users\mert1\OneDrive\Documents\GitHub\Google-Jam-2024\GoogleProject_Ebrar\Library\ScriptAssemblies\Unity.EditorCoroutines.Editor.dll
Symbol file LoadedFromMemory is not a mono symbol file
Symbol file data-0000023A59DDAB40 doesn't match image C:\Users\mert1\OneDrive\Documents\GitHub\Google-Jam-2024\GoogleProject_Ebrar\Library\ScriptAssemblies\Unity.PlasticSCM.Editor.dll
Symbol file LoadedFromMemory is not a mono symbol file
Symbol file data-00000239C826EFF0 doesn't match image C:\Users\mert1\OneDrive\Documents\GitHub\Google-Jam-2024\GoogleProject_Ebrar\Library\ScriptAssemblies\Unity.ProBuilder.Stl.dll
Symbol file LoadedFromMemory is not a mono symbol file
Symbol file data-0000023A0C70FF00 doesn't match image C:\Users\mert1\OneDrive\Documents\GitHub\Google-Jam-2024\GoogleProject_Ebrar\Library\ScriptAssemblies\Unity.ProBuilder.dll
Symbol file LoadedFromMemory is not a mono symbol file
Symbol file data-0000023A0F311020 doesn't match image C:\Users\mert1\OneDrive\Documents\GitHub\Google-Jam-2024\GoogleProject_Ebrar\Library\ScriptAssemblies\Unity.Timeline.Editor.dll
Symbol file LoadedFromMemory is not a mono symbol file
Symbol file data-00000239C826EFF0 doesn't match image C:\Users\mert1\OneDrive\Documents\GitHub\Google-Jam-2024\GoogleProject_Ebrar\Library\ScriptAssemblies\Unity.VisualScripting.Shared.Editor.dll
Symbol file LoadedFromMemory is not a mono symbol file
Symbol file data-0000023A0D4F51F0 doesn't match image C:\Users\mert1\OneDrive\Documents\GitHub\Google-Jam-2024\GoogleProject_Ebrar\Library\ScriptAssemblies\Unity.CollabProxy.Editor.dll
Symbol file LoadedFromMemory is not a mono symbol file
Symbol file data-0000023A0D890E30 doesn't match image C:\Users\mert1\OneDrive\Documents\GitHub\Google-Jam-2024\GoogleProject_Ebrar\Library\ScriptAssemblies\Unity.VisualStudio.Editor.dll
Symbol file LoadedFromMemory is not a mono symbol file
Symbol file data-0000023A17853030 doesn't match image C:\Users\mert1\OneDrive\Documents\GitHub\Google-Jam-2024\GoogleProject_Ebrar\Library\ScriptAssemblies\UnityEditor.UI.dll
Symbol file LoadedFromMemory is not a mono symbol file
Symbol file data-0000023A596A3020 doesn't match image C:\Users\mert1\OneDrive\Documents\GitHub\Google-Jam-2024\GoogleProject_Ebrar\Library\ScriptAssemblies\Unity.VisualScripting.Core.dll
Symbol file LoadedFromMemory is not a mono symbol file
Symbol file data-0000023A0BF5C020 doesn't match image C:\Users\mert1\OneDrive\Documents\GitHub\Google-Jam-2024\GoogleProject_Ebrar\Library\ScriptAssemblies\UnityEngine.UI.dll
Symbol file LoadedFromMemory is not a mono symbol file
Symbol file data-0000023A0D5B2010 doesn't match image C:\Users\mert1\OneDrive\Documents\GitHub\Google-Jam-2024\GoogleProject_Ebrar\Library\ScriptAssemblies\Unity.VisualScripting.Core.Editor.dll
Symbol file LoadedFromMemory is not a mono symbol file
Symbol file data-0000023A0D4F51F0 doesn't match image C:\Users\mert1\OneDrive\Documents\GitHub\Google-Jam-2024\GoogleProject_Ebrar\Library\ScriptAssemblies\Unity.ProBuilder.AddOns.Editor.dll
Symbol file LoadedFromMemory is not a mono symbol file
Symbol file data-0000023A0F683050 doesn't match image C:\Users\mert1\OneDrive\Documents\GitHub\Google-Jam-2024\GoogleProject_Ebrar\Library\ScriptAssemblies\Unity.Rider.Editor.dll
Symbol file LoadedFromMemory is not a mono symbol file
Symbol file data-00000239C826EFF0 doesn't match image C:\Users\mert1\OneDrive\Documents\GitHub\Google-Jam-2024\GoogleProject_Ebrar\Library\ScriptAssemblies\Unity.ProBuilder.Csg.dll
Symbol file LoadedFromMemory is not a mono symbol file
Symbol file data-0000023A17791020 doesn't match image C:\Users\mert1\OneDrive\Documents\GitHub\Google-Jam-2024\GoogleProject_Ebrar\Library\ScriptAssemblies\UnityEditor.TestRunner.dll
Symbol file LoadedFromMemory is not a mono symbol file
Symbol file data-0000023A0C70FF00 doesn't match image C:\Users\mert1\OneDrive\Documents\GitHub\Google-Jam-2024\GoogleProject_Ebrar\Library\ScriptAssemblies\Unity.VisualScripting.Flow.dll
Symbol file LoadedFromMemory is not a mono symbol file
Symbol file data-0000023A17791020 doesn't match image C:\Users\mert1\OneDrive\Documents\GitHub\Google-Jam-2024\GoogleProject_Ebrar\Library\ScriptAssemblies\Unity.VisualScripting.Flow.Editor.dll
Symbol file LoadedFromMemory is not a mono symbol file
Symbol file data-0000023A17536010 doesn't match image C:\Users\mert1\OneDrive\Documents\GitHub\Google-Jam-2024\GoogleProject_Ebrar\Library\ScriptAssemblies\Unity.Timeline.dll
Symbol file LoadedFromMemory is not a mono symbol file
Symbol file data-00000239C826EFF0 doesn't match image C:\Users\mert1\OneDrive\Documents\GitHub\Google-Jam-2024\GoogleProject_Ebrar\Library\ScriptAssemblies\Unity.TestTools.CodeCoverage.Editor.OpenCover.Mono.Reflection.dll
Symbol file LoadedFromMemory is not a mono symbol file
Symbol file data-0000023A17A20010 doesn't match image C:\Users\mert1\OneDrive\Documents\GitHub\Google-Jam-2024\GoogleProject_Ebrar\Library\ScriptAssemblies\Unity.ProBuilder.Editor.dll
Symbol file LoadedFromMemory is not a mono symbol file
Symbol file data-0000023A17871020 doesn't match image C:\Users\mert1\OneDrive\Documents\GitHub\Google-Jam-2024\GoogleProject_Ebrar\Library\ScriptAssemblies\Unity.VisualScripting.SettingsProvider.Editor.dll
Symbol file LoadedFromMemory is not a mono symbol file
Symbol file data-0000023A17791020 doesn't match image C:\Users\mert1\OneDrive\Documents\GitHub\Google-Jam-2024\GoogleProject_Ebrar\Library\ScriptAssemblies\Unity.Performance.Profile-Analyzer.Editor.dll
Symbol file LoadedFromMemory is not a mono symbol file
Symbol file data-0000023A0EAB0030 doesn't match image C:\Users\mert1\OneDrive\Documents\GitHub\Google-Jam-2024\GoogleProject_Ebrar\Library\ScriptAssemblies\Unity.TestTools.CodeCoverage.Editor.dll
Symbol file LoadedFromMemory is not a mono symbol file
Symbol file data-0000023A182B3030 doesn't match image C:\Users\mert1\OneDrive\Documents\GitHub\Google-Jam-2024\GoogleProject_Ebrar\Library\ScriptAssemblies\Unity.TestTools.CodeCoverage.Editor.OpenCover.Model.dll
Symbol file LoadedFromMemory is not a mono symbol file
Symbol file data-00000239C8472EF0 doesn't match image C:\Users\mert1\OneDrive\Documents\GitHub\Google-Jam-2024\GoogleProject_Ebrar\Library\ScriptAssemblies\Unity.ProBuilder.Poly2Tri.dll
Symbol file LoadedFromMemory is not a mono symbol file
Symbol file data-0000023A18CC27E0 doesn't match image C:\Users\mert1\OneDrive\Documents\GitHub\Google-Jam-2024\GoogleProject_Ebrar\Library\ScriptAssemblies\UnityEngine.TestRunner.dll
Symbol file LoadedFromMemory is not a mono symbol file
Symbol file data-0000023A17853030 doesn't match image C:\Users\mert1\OneDrive\Documents\GitHub\Google-Jam-2024\GoogleProject_Ebrar\Library\ScriptAssemblies\Unity.VisualScripting.State.Editor.dll
Symbol file LoadedFromMemory is not a mono symbol file
Symbol file data-0000023A182B3030 doesn't match image C:\Users\mert1\OneDrive\Documents\GitHub\Google-Jam-2024\GoogleProject_Ebrar\Library\ScriptAssemblies\Unity.Settings.Editor.dll
Symbol file LoadedFromMemory is not a mono symbol file
Symbol file data-0000023A0C188020 doesn't match image C:\Users\mert1\OneDrive\Documents\GitHub\Google-Jam-2024\GoogleProject_Ebrar\Library\ScriptAssemblies\Unity.ProBuilder.KdTree.dll
Symbol file LoadedFromMemory is not a mono symbol file
Symbol file data-0000023A0C70FF00 doesn't match image C:\Users\mert1\OneDrive\Documents\GitHub\Google-Jam-2024\GoogleProject_Ebrar\Library\ScriptAssemblies\Unity.TextMeshPro.dll
Symbol file LoadedFromMemory is not a mono symbol file
Symbol file data-0000023A0C194C80 doesn't match image C:\Users\mert1\OneDrive\Documents\GitHub\Google-Jam-2024\GoogleProject_Ebrar\Library\ScriptAssemblies\Unity.TextMeshPro.Editor.dll
Symbol file LoadedFromMemory is not a mono symbol file
Symbol file data-0000023A0C188020 doesn't match image C:\Users\mert1\OneDrive\Documents\GitHub\Google-Jam-2024\GoogleProject_Ebrar\Library\ScriptAssemblies\Unity.ProBuilder.AssetIdRemapUtility.dll
Symbol file LoadedFromMemory is not a mono symbol file
Symbol file data-0000023A175DE020 doesn't match image C:\Users\mert1\OneDrive\Documents\GitHub\Google-Jam-2024\GoogleProject_Ebrar\Library\ScriptAssemblies\Unity.VisualScripting.State.dll
Symbol file LoadedFromMemory is not a mono symbol file
Symbol file data-0000023A175DE020 doesn't match image C:\Users\mert1\OneDrive\Documents\GitHub\Google-Jam-2024\GoogleProject_Ebrar\Library\ScriptAssemblies\Unity.VSCode.Editor.dll
Symbol file LoadedFromMemory is not a mono symbol file
- Loaded All Assemblies, in  0.657 seconds
Refreshing native plugins compatible for Editor in 7.24 ms, found 3 plugins.
Native extension for WindowsStandalone target not found
[Package Manager] Server::EnsureServerProcessIsRunning -- launch failed, reason: Unity was launched with the -noUpm command-line argument
[Package Manager] UpmClient::Send -- Unable to send message (not connected to UPM process).
[Package Manager] Cannot connect to Unity Package Manager local server
Mono: successfully reloaded assembly
- Finished resetting the current domain, in  1.686 seconds
Domain Reload Profiling: 2333ms
	BeginReloadAssembly (206ms)
		ExecutionOrderSort (0ms)
		DisableScriptedObjects (7ms)
		BackupInstance (0ms)
		ReleaseScriptingObjects (0ms)
		CreateAndSetChildDomain (34ms)
	RebuildCommonClasses (47ms)
	RebuildNativeTypeToScriptingClass (15ms)
	initialDomainReloadingComplete (56ms)
	LoadAllAssembliesAndSetupDomain (323ms)
		LoadAssemblies (430ms)
		RebuildTransferFunctionScriptingTraits (0ms)
		AnalyzeDomain (13ms)
			TypeCache.Refresh (6ms)
				TypeCache.ScanAssembly (0ms)
			ScanForSourceGeneratedMonoScriptInfo (0ms)
			ResolveRequiredComponents (6ms)
	FinalizeReload (1686ms)
		ReleaseScriptCaches (0ms)
		RebuildScriptCaches (0ms)
		SetupLoadedEditorAssemblies (767ms)
			LogAssemblyErrors (0ms)
			InitializePlatformSupportModulesInManaged (12ms)
			SetLoadedEditorAssemblies (4ms)
			RefreshPlugins (0ms)
			BeforeProcessingInitializeOnLoad (102ms)
			ProcessInitializeOnLoadAttributes (602ms)
			ProcessInitializeOnLoadMethodAttributes (25ms)
			AfterProcessingInitializeOnLoad (22ms)
			EditorAssembliesLoaded (0ms)
		ExecutionOrderSort2 (0ms)
		AwakeInstancesAfterBackupRestoration (9ms)
Failed to load shader (instanceID 410, GUID 9c442dc870b456e48b615cd8add0e9ef)
Failed to load shader (instanceID 408, GUID 493b79ea9c9be44ed8b702014d3ac49c)
Refreshing native plugins compatible for Editor in 7.92 ms, found 3 plugins.
Preloading 0 native plugins for Editor in 0.00 ms.
Unloading 3431 Unused Serialized files (Serialized files now loaded: 0)
Unloading 24 unused Assets / (93.9 KB). Loaded Objects now: 3927.
Memory consumption went from 127.4 MB to 127.3 MB.
Total: 3.845100 ms (FindLiveObjects: 0.422100 ms CreateObjectMapping: 0.133900 ms MarkObjects: 3.168400 ms  DeleteObjects: 0.119000 ms)

Prepare: number of updated asset objects reloaded= 0
AssetImportParameters requested are different than current active one (requested -> active):
  custom:container-demuxer-ogg: 62fdf1f143b41e24485cea50d1cbac27 -> 
  custom:video-decoder-ogg-theora: a1e56fd34408186e4bbccfd4996cb3dc -> 
  custom:framework-win-MediaFoundation: 216162199b28c13a410421893ffa2e32 -> 
  custom:CustomObjectIndexerAttribute: 9a22284fe3817be447336de3de66b15e -> 
  custom:container-demuxer-webm: 4f35f7cbe854078d1ac9338744f61a02 -> 
  custom:container-muxer-webm: aa71ff27fc2769a1b78a27578f13a17b -> 
  custom:video-decoder-webm-vp8: 9c59270c3fd7afecdb556c50c9e8de78 -> 
  custom:SearchIndexIgnoredProperties: e643bd26f0fe6173181afceb89e7c659 -> 
  custom:AudioImporter_EditorPlatform: d09bf68614088b80899f8185d706f6e7 -> 
  custom:video-encoder-webm-vp8: eb34c28f22e8b96e1ab97ce403110664 -> 
  custom:audio-decoder-ogg-vorbis: bf7c407c2cedff20999df2af8eb42d56 -> 
  custom:audio-encoder-webm-vorbis: bf7c407c2cedff20999df2af8eb42d56 -> 
========================================================================
Received Prepare
Begin MonoManager ReloadAssembly
Symbol file data-0000023A0F501020 doesn't match image C:\Users\mert1\OneDrive\Documents\GitHub\Google-Jam-2024\GoogleProject_Ebrar\Library\ScriptAssemblies\Unity.EditorCoroutines.Editor.dll
Symbol file LoadedFromMemory is not a mono symbol file
Symbol file data-0000023A0EF09020 doesn't match image C:\Users\mert1\OneDrive\Documents\GitHub\Google-Jam-2024\GoogleProject_Ebrar\Library\ScriptAssemblies\Unity.PlasticSCM.Editor.dll
Symbol file LoadedFromMemory is not a mono symbol file
Symbol file data-0000023A0F501020 doesn't match image C:\Users\mert1\OneDrive\Documents\GitHub\Google-Jam-2024\GoogleProject_Ebrar\Library\ScriptAssemblies\Unity.ProBuilder.Stl.dll
Symbol file LoadedFromMemory is not a mono symbol file
Symbol file data-0000023A59DD6B10 doesn't match image C:\Users\mert1\OneDrive\Documents\GitHub\Google-Jam-2024\GoogleProject_Ebrar\Library\ScriptAssemblies\Unity.ProBuilder.dll
Symbol file LoadedFromMemory is not a mono symbol file
Symbol file data-0000023A0F311020 doesn't match image C:\Users\mert1\OneDrive\Documents\GitHub\Google-Jam-2024\GoogleProject_Ebrar\Library\ScriptAssemblies\Unity.Timeline.Editor.dll
Symbol file LoadedFromMemory is not a mono symbol file
Symbol file data-0000023A0F501020 doesn't match image C:\Users\mert1\OneDrive\Documents\GitHub\Google-Jam-2024\GoogleProject_Ebrar\Library\ScriptAssemblies\Unity.VisualScripting.Shared.Editor.dll
Symbol file LoadedFromMemory is not a mono symbol file
Symbol file data-0000023A0D4F51F0 doesn't match image C:\Users\mert1\OneDrive\Documents\GitHub\Google-Jam-2024\GoogleProject_Ebrar\Library\ScriptAssemblies\Unity.CollabProxy.Editor.dll
Symbol file LoadedFromMemory is not a mono symbol file
Symbol file data-0000023A0F49F010 doesn't match image C:\Users\mert1\OneDrive\Documents\GitHub\Google-Jam-2024\GoogleProject_Ebrar\Library\ScriptAssemblies\Unity.VisualStudio.Editor.dll
Symbol file LoadedFromMemory is not a mono symbol file
Symbol file data-0000023A17853030 doesn't match image C:\Users\mert1\OneDrive\Documents\GitHub\Google-Jam-2024\GoogleProject_Ebrar\Library\ScriptAssemblies\UnityEditor.UI.dll
Symbol file LoadedFromMemory is not a mono symbol file
Symbol file data-0000023A0BBF0080 doesn't match image C:\Users\mert1\OneDrive\Documents\GitHub\Google-Jam-2024\GoogleProject_Ebrar\Library\ScriptAssemblies\Unity.VisualScripting.Core.dll
Symbol file LoadedFromMemory is not a mono symbol file
Symbol file data-0000023A0D6CC020 doesn't match image C:\Users\mert1\OneDrive\Documents\GitHub\Google-Jam-2024\GoogleProject_Ebrar\Library\ScriptAssemblies\UnityEngine.UI.dll
Symbol file LoadedFromMemory is not a mono symbol file
Symbol file data-0000023A0D5B2010 doesn't match image C:\Users\mert1\OneDrive\Documents\GitHub\Google-Jam-2024\GoogleProject_Ebrar\Library\ScriptAssemblies\Unity.VisualScripting.Core.Editor.dll
Symbol file LoadedFromMemory is not a mono symbol file
Symbol file data-0000023A0D4F51F0 doesn't match image C:\Users\mert1\OneDrive\Documents\GitHub\Google-Jam-2024\GoogleProject_Ebrar\Library\ScriptAssemblies\Unity.ProBuilder.AddOns.Editor.dll
Symbol file LoadedFromMemory is not a mono symbol file
Symbol file data-0000023A171EA010 doesn't match image C:\Users\mert1\OneDrive\Documents\GitHub\Google-Jam-2024\GoogleProject_Ebrar\Library\ScriptAssemblies\Unity.Rider.Editor.dll
Symbol file LoadedFromMemory is not a mono symbol file
Symbol file data-0000023A0F501020 doesn't match image C:\Users\mert1\OneDrive\Documents\GitHub\Google-Jam-2024\GoogleProject_Ebrar\Library\ScriptAssemblies\Unity.ProBuilder.Csg.dll
Symbol file LoadedFromMemory is not a mono symbol file
Symbol file data-0000023A17309020 doesn't match image C:\Users\mert1\OneDrive\Documents\GitHub\Google-Jam-2024\GoogleProject_Ebrar\Library\ScriptAssemblies\UnityEditor.TestRunner.dll
Symbol file LoadedFromMemory is not a mono symbol file
Symbol file data-0000023A0DA2C020 doesn't match image C:\Users\mert1\OneDrive\Documents\GitHub\Google-Jam-2024\GoogleProject_Ebrar\Library\ScriptAssemblies\Unity.VisualScripting.Flow.dll
Symbol file LoadedFromMemory is not a mono symbol file
Symbol file data-0000023A17309020 doesn't match image C:\Users\mert1\OneDrive\Documents\GitHub\Google-Jam-2024\GoogleProject_Ebrar\Library\ScriptAssemblies\Unity.VisualScripting.Flow.Editor.dll
Symbol file LoadedFromMemory is not a mono symbol file
Symbol file data-0000023A0BFAF670 doesn't match image C:\Users\mert1\OneDrive\Documents\GitHub\Google-Jam-2024\GoogleProject_Ebrar\Library\ScriptAssemblies\Unity.Timeline.dll
Symbol file LoadedFromMemory is not a mono symbol file
Symbol file data-0000023A0F501020 doesn't match image C:\Users\mert1\OneDrive\Documents\GitHub\Google-Jam-2024\GoogleProject_Ebrar\Library\ScriptAssemblies\Unity.TestTools.CodeCoverage.Editor.OpenCover.Mono.Reflection.dll
Symbol file LoadedFromMemory is not a mono symbol file
Symbol file data-0000023A17A20010 doesn't match image C:\Users\mert1\OneDrive\Documents\GitHub\Google-Jam-2024\GoogleProject_Ebrar\Library\ScriptAssemblies\Unity.ProBuilder.Editor.dll
Symbol file LoadedFromMemory is not a mono symbol file
Symbol file data-00000239C826EFF0 doesn't match image C:\Users\mert1\OneDrive\Documents\GitHub\Google-Jam-2024\GoogleProject_Ebrar\Library\ScriptAssemblies\Unity.VisualScripting.SettingsProvider.Editor.dll
Symbol file LoadedFromMemory is not a mono symbol file
Symbol file data-0000023A17309020 doesn't match image C:\Users\mert1\OneDrive\Documents\GitHub\Google-Jam-2024\GoogleProject_Ebrar\Library\ScriptAssemblies\Unity.Performance.Profile-Analyzer.Editor.dll
Symbol file LoadedFromMemory is not a mono symbol file
Symbol file data-0000023A0F49F010 doesn't match image C:\Users\mert1\OneDrive\Documents\GitHub\Google-Jam-2024\GoogleProject_Ebrar\Library\ScriptAssemblies\Unity.TestTools.CodeCoverage.Editor.dll
Symbol file LoadedFromMemory is not a mono symbol file
Symbol file data-0000023A17871020 doesn't match image C:\Users\mert1\OneDrive\Documents\GitHub\Google-Jam-2024\GoogleProject_Ebrar\Library\ScriptAssemblies\Unity.TestTools.CodeCoverage.Editor.OpenCover.Model.dll
Symbol file LoadedFromMemory is not a mono symbol file
Symbol file data-0000023A0F683050 doesn't match image C:\Users\mert1\OneDrive\Documents\GitHub\Google-Jam-2024\GoogleProject_Ebrar\Library\ScriptAssemblies\Unity.ProBuilder.Poly2Tri.dll
Symbol file LoadedFromMemory is not a mono symbol file
Symbol file data-0000023A18CC27E0 doesn't match image C:\Users\mert1\OneDrive\Documents\GitHub\Google-Jam-2024\GoogleProject_Ebrar\Library\ScriptAssemblies\UnityEngine.TestRunner.dll
Symbol file LoadedFromMemory is not a mono symbol file
Symbol file data-0000023A17853030 doesn't match image C:\Users\mert1\OneDrive\Documents\GitHub\Google-Jam-2024\GoogleProject_Ebrar\Library\ScriptAssemblies\Unity.VisualScripting.State.Editor.dll
Symbol file LoadedFromMemory is not a mono symbol file
Symbol file data-0000023A17871020 doesn't match image C:\Users\mert1\OneDrive\Documents\GitHub\Google-Jam-2024\GoogleProject_Ebrar\Library\ScriptAssemblies\Unity.Settings.Editor.dll
Symbol file LoadedFromMemory is not a mono symbol file
Symbol file data-0000023A18556C50 doesn't match image C:\Users\mert1\OneDrive\Documents\GitHub\Google-Jam-2024\GoogleProject_Ebrar\Library\ScriptAssemblies\Unity.ProBuilder.KdTree.dll
Symbol file LoadedFromMemory is not a mono symbol file
Symbol file data-0000023A59DD6B10 doesn't match image C:\Users\mert1\OneDrive\Documents\GitHub\Google-Jam-2024\GoogleProject_Ebrar\Library\ScriptAssemblies\Unity.TextMeshPro.dll
Symbol file LoadedFromMemory is not a mono symbol file
Symbol file data-0000023A0C194C80 doesn't match image C:\Users\mert1\OneDrive\Documents\GitHub\Google-Jam-2024\GoogleProject_Ebrar\Library\ScriptAssemblies\Unity.TextMeshPro.Editor.dll
Symbol file LoadedFromMemory is not a mono symbol file
Symbol file data-0000023A18556C50 doesn't match image C:\Users\mert1\OneDrive\Documents\GitHub\Google-Jam-2024\GoogleProject_Ebrar\Library\ScriptAssemblies\Unity.ProBuilder.AssetIdRemapUtility.dll
Symbol file LoadedFromMemory is not a mono symbol file
Symbol file data-0000023A596D7020 doesn't match image C:\Users\mert1\OneDrive\Documents\GitHub\Google-Jam-2024\GoogleProject_Ebrar\Library\ScriptAssemblies\Unity.VisualScripting.State.dll
Symbol file LoadedFromMemory is not a mono symbol file
Symbol file data-0000023A596D7020 doesn't match image C:\Users\mert1\OneDrive\Documents\GitHub\Google-Jam-2024\GoogleProject_Ebrar\Library\ScriptAssemblies\Unity.VSCode.Editor.dll
Symbol file LoadedFromMemory is not a mono symbol file
- Loaded All Assemblies, in  0.647 seconds
Refreshing native plugins compatible for Editor in 8.00 ms, found 3 plugins.
Native extension for WindowsStandalone target not found
[Package Manager] Server::EnsureServerProcessIsRunning -- launch failed, reason: Unity was launched with the -noUpm command-line argument
[Package Manager] UpmClient::Send -- Unable to send message (not connected to UPM process).
[Package Manager] Cannot connect to Unity Package Manager local server
Mono: successfully reloaded assembly
- Finished resetting the current domain, in  1.713 seconds
Domain Reload Profiling: 2349ms
	BeginReloadAssembly (200ms)
		ExecutionOrderSort (0ms)
		DisableScriptedObjects (7ms)
		BackupInstance (0ms)
		ReleaseScriptingObjects (0ms)
		CreateAndSetChildDomain (33ms)
	RebuildCommonClasses (48ms)
	RebuildNativeTypeToScriptingClass (14ms)
	initialDomainReloadingComplete (54ms)
	LoadAllAssembliesAndSetupDomain (321ms)
		LoadAssemblies (425ms)
		RebuildTransferFunctionScriptingTraits (0ms)
		AnalyzeDomain (13ms)
			TypeCache.Refresh (6ms)
				TypeCache.ScanAssembly (0ms)
			ScanForSourceGeneratedMonoScriptInfo (0ms)
			ResolveRequiredComponents (6ms)
	FinalizeReload (1713ms)
		ReleaseScriptCaches (0ms)
		RebuildScriptCaches (0ms)
		SetupLoadedEditorAssemblies (778ms)
			LogAssemblyErrors (0ms)
			InitializePlatformSupportModulesInManaged (12ms)
			SetLoadedEditorAssemblies (5ms)
			RefreshPlugins (0ms)
			BeforeProcessingInitializeOnLoad (107ms)
			ProcessInitializeOnLoadAttributes (605ms)
			ProcessInitializeOnLoadMethodAttributes (25ms)
			AfterProcessingInitializeOnLoad (24ms)
			EditorAssembliesLoaded (0ms)
		ExecutionOrderSort2 (0ms)
		AwakeInstancesAfterBackupRestoration (8ms)
Failed to load shader (instanceID 410, GUID 9c442dc870b456e48b615cd8add0e9ef)
Failed to load shader (instanceID 408, GUID 493b79ea9c9be44ed8b702014d3ac49c)
Refreshing native plugins compatible for Editor in 7.75 ms, found 3 plugins.
Preloading 0 native plugins for Editor in 0.00 ms.
Unloading 3431 Unused Serialized files (Serialized files now loaded: 0)
Unloading 24 unused Assets / (93.8 KB). Loaded Objects now: 3930.
Memory consumption went from 127.4 MB to 127.3 MB.
Total: 3.343800 ms (FindLiveObjects: 0.294000 ms CreateObjectMapping: 0.087700 ms MarkObjects: 2.860000 ms  DeleteObjects: 0.100700 ms)

Prepare: number of updated asset objects reloaded= 0
AssetImportParameters requested are different than current active one (requested -> active):
  custom:container-demuxer-ogg: 62fdf1f143b41e24485cea50d1cbac27 -> 
  custom:video-decoder-ogg-theora: a1e56fd34408186e4bbccfd4996cb3dc -> 
  custom:framework-win-MediaFoundation: 216162199b28c13a410421893ffa2e32 -> 
  custom:CustomObjectIndexerAttribute: 9a22284fe3817be447336de3de66b15e -> 
  custom:container-demuxer-webm: 4f35f7cbe854078d1ac9338744f61a02 -> 
  custom:container-muxer-webm: aa71ff27fc2769a1b78a27578f13a17b -> 
  custom:video-decoder-webm-vp8: 9c59270c3fd7afecdb556c50c9e8de78 -> 
  custom:SearchIndexIgnoredProperties: e643bd26f0fe6173181afceb89e7c659 -> 
  custom:AudioImporter_EditorPlatform: d09bf68614088b80899f8185d706f6e7 -> 
  custom:video-encoder-webm-vp8: eb34c28f22e8b96e1ab97ce403110664 -> 
  custom:audio-decoder-ogg-vorbis: bf7c407c2cedff20999df2af8eb42d56 -> 
  custom:audio-encoder-webm-vorbis: bf7c407c2cedff20999df2af8eb42d56 -> 
========================================================================
Received Prepare
Begin MonoManager ReloadAssembly
Symbol file data-0000023A18C79F70 doesn't match image C:\Users\mert1\OneDrive\Documents\GitHub\Google-Jam-2024\GoogleProject_Ebrar\Library\ScriptAssemblies\Unity.EditorCoroutines.Editor.dll
Symbol file LoadedFromMemory is not a mono symbol file
Symbol file data-0000023A0E798C50 doesn't match image C:\Users\mert1\OneDrive\Documents\GitHub\Google-Jam-2024\GoogleProject_Ebrar\Library\ScriptAssemblies\Unity.PlasticSCM.Editor.dll
Symbol file LoadedFromMemory is not a mono symbol file
Symbol file data-0000023A18C79F70 doesn't match image C:\Users\mert1\OneDrive\Documents\GitHub\Google-Jam-2024\GoogleProject_Ebrar\Library\ScriptAssemblies\Unity.ProBuilder.Stl.dll
Symbol file LoadedFromMemory is not a mono symbol file
Symbol file data-0000023A0C70FF00 doesn't match image C:\Users\mert1\OneDrive\Documents\GitHub\Google-Jam-2024\GoogleProject_Ebrar\Library\ScriptAssemblies\Unity.ProBuilder.dll
Symbol file LoadedFromMemory is not a mono symbol file
Symbol file data-0000023A0F311020 doesn't match image C:\Users\mert1\OneDrive\Documents\GitHub\Google-Jam-2024\GoogleProject_Ebrar\Library\ScriptAssemblies\Unity.Timeline.Editor.dll
Symbol file LoadedFromMemory is not a mono symbol file
Symbol file data-0000023A18C79F70 doesn't match image C:\Users\mert1\OneDrive\Documents\GitHub\Google-Jam-2024\GoogleProject_Ebrar\Library\ScriptAssemblies\Unity.VisualScripting.Shared.Editor.dll
Symbol file LoadedFromMemory is not a mono symbol file
Symbol file data-00000239C8578020 doesn't match image C:\Users\mert1\OneDrive\Documents\GitHub\Google-Jam-2024\GoogleProject_Ebrar\Library\ScriptAssemblies\Unity.CollabProxy.Editor.dll
Symbol file LoadedFromMemory is not a mono symbol file
Symbol file data-0000023A0C104020 doesn't match image C:\Users\mert1\OneDrive\Documents\GitHub\Google-Jam-2024\GoogleProject_Ebrar\Library\ScriptAssemblies\Unity.VisualStudio.Editor.dll
Symbol file LoadedFromMemory is not a mono symbol file
Symbol file data-0000023A17853030 doesn't match image C:\Users\mert1\OneDrive\Documents\GitHub\Google-Jam-2024\GoogleProject_Ebrar\Library\ScriptAssemblies\UnityEditor.UI.dll
Symbol file LoadedFromMemory is not a mono symbol file
Symbol file data-0000023A597CB020 doesn't match image C:\Users\mert1\OneDrive\Documents\GitHub\Google-Jam-2024\GoogleProject_Ebrar\Library\ScriptAssemblies\Unity.VisualScripting.Core.dll
Symbol file LoadedFromMemory is not a mono symbol file
Symbol file data-0000023A0D6CC020 doesn't match image C:\Users\mert1\OneDrive\Documents\GitHub\Google-Jam-2024\GoogleProject_Ebrar\Library\ScriptAssemblies\UnityEngine.UI.dll
Symbol file LoadedFromMemory is not a mono symbol file
Symbol file data-0000023A0D5B2010 doesn't match image C:\Users\mert1\OneDrive\Documents\GitHub\Google-Jam-2024\GoogleProject_Ebrar\Library\ScriptAssemblies\Unity.VisualScripting.Core.Editor.dll
Symbol file LoadedFromMemory is not a mono symbol file
Symbol file data-00000239C8578020 doesn't match image C:\Users\mert1\OneDrive\Documents\GitHub\Google-Jam-2024\GoogleProject_Ebrar\Library\ScriptAssemblies\Unity.ProBuilder.AddOns.Editor.dll
Symbol file LoadedFromMemory is not a mono symbol file
Symbol file data-0000023A0E260CC0 doesn't match image C:\Users\mert1\OneDrive\Documents\GitHub\Google-Jam-2024\GoogleProject_Ebrar\Library\ScriptAssemblies\Unity.Rider.Editor.dll
Symbol file LoadedFromMemory is not a mono symbol file
Symbol file data-0000023A596D7020 doesn't match image C:\Users\mert1\OneDrive\Documents\GitHub\Google-Jam-2024\GoogleProject_Ebrar\Library\ScriptAssemblies\Unity.ProBuilder.Csg.dll
Symbol file LoadedFromMemory is not a mono symbol file
Symbol file data-0000023A17FDC020 doesn't match image C:\Users\mert1\OneDrive\Documents\GitHub\Google-Jam-2024\GoogleProject_Ebrar\Library\ScriptAssemblies\UnityEditor.TestRunner.dll
Symbol file LoadedFromMemory is not a mono symbol file
Symbol file data-0000023A0C70FF00 doesn't match image C:\Users\mert1\OneDrive\Documents\GitHub\Google-Jam-2024\GoogleProject_Ebrar\Library\ScriptAssemblies\Unity.VisualScripting.Flow.dll
Symbol file LoadedFromMemory is not a mono symbol file
Symbol file data-0000023A17FDC020 doesn't match image C:\Users\mert1\OneDrive\Documents\GitHub\Google-Jam-2024\GoogleProject_Ebrar\Library\ScriptAssemblies\Unity.VisualScripting.Flow.Editor.dll
Symbol file LoadedFromMemory is not a mono symbol file
Symbol file data-0000023A0BFAF670 doesn't match image C:\Users\mert1\OneDrive\Documents\GitHub\Google-Jam-2024\GoogleProject_Ebrar\Library\ScriptAssemblies\Unity.Timeline.dll
Symbol file LoadedFromMemory is not a mono symbol file
Symbol file data-0000023A18C79F70 doesn't match image C:\Users\mert1\OneDrive\Documents\GitHub\Google-Jam-2024\GoogleProject_Ebrar\Library\ScriptAssemblies\Unity.TestTools.CodeCoverage.Editor.OpenCover.Mono.Reflection.dll
Symbol file LoadedFromMemory is not a mono symbol file
Symbol file data-0000023A17880AC0 doesn't match image C:\Users\mert1\OneDrive\Documents\GitHub\Google-Jam-2024\GoogleProject_Ebrar\Library\ScriptAssemblies\Unity.ProBuilder.Editor.dll
Symbol file LoadedFromMemory is not a mono symbol file
Symbol file data-0000023A596D7020 doesn't match image C:\Users\mert1\OneDrive\Documents\GitHub\Google-Jam-2024\GoogleProject_Ebrar\Library\ScriptAssemblies\Unity.VisualScripting.SettingsProvider.Editor.dll
Symbol file LoadedFromMemory is not a mono symbol file
Symbol file data-0000023A17FDC020 doesn't match image C:\Users\mert1\OneDrive\Documents\GitHub\Google-Jam-2024\GoogleProject_Ebrar\Library\ScriptAssemblies\Unity.Performance.Profile-Analyzer.Editor.dll
Symbol file LoadedFromMemory is not a mono symbol file
Symbol file data-0000023A5AD91030 doesn't match image C:\Users\mert1\OneDrive\Documents\GitHub\Google-Jam-2024\GoogleProject_Ebrar\Library\ScriptAssemblies\Unity.TestTools.CodeCoverage.Editor.dll
Symbol file LoadedFromMemory is not a mono symbol file
Symbol file data-0000023A17D66FA0 doesn't match image C:\Users\mert1\OneDrive\Documents\GitHub\Google-Jam-2024\GoogleProject_Ebrar\Library\ScriptAssemblies\Unity.TestTools.CodeCoverage.Editor.OpenCover.Model.dll
Symbol file LoadedFromMemory is not a mono symbol file
Symbol file data-0000023A0F683050 doesn't match image C:\Users\mert1\OneDrive\Documents\GitHub\Google-Jam-2024\GoogleProject_Ebrar\Library\ScriptAssemblies\Unity.ProBuilder.Poly2Tri.dll
Symbol file LoadedFromMemory is not a mono symbol file
Symbol file data-0000023A17A40030 doesn't match image C:\Users\mert1\OneDrive\Documents\GitHub\Google-Jam-2024\GoogleProject_Ebrar\Library\ScriptAssemblies\UnityEngine.TestRunner.dll
Symbol file LoadedFromMemory is not a mono symbol file
Symbol file data-0000023A17853030 doesn't match image C:\Users\mert1\OneDrive\Documents\GitHub\Google-Jam-2024\GoogleProject_Ebrar\Library\ScriptAssemblies\Unity.VisualScripting.State.Editor.dll
Symbol file LoadedFromMemory is not a mono symbol file
Symbol file data-0000023A17D66FA0 doesn't match image C:\Users\mert1\OneDrive\Documents\GitHub\Google-Jam-2024\GoogleProject_Ebrar\Library\ScriptAssemblies\Unity.Settings.Editor.dll
Symbol file LoadedFromMemory is not a mono symbol file
Symbol file data-0000023A17D66FA0 doesn't match image C:\Users\mert1\OneDrive\Documents\GitHub\Google-Jam-2024\GoogleProject_Ebrar\Library\ScriptAssemblies\Unity.ProBuilder.KdTree.dll
Symbol file LoadedFromMemory is not a mono symbol file
Symbol file data-0000023A0C70FF00 doesn't match image C:\Users\mert1\OneDrive\Documents\GitHub\Google-Jam-2024\GoogleProject_Ebrar\Library\ScriptAssemblies\Unity.TextMeshPro.dll
Symbol file LoadedFromMemory is not a mono symbol file
Symbol file data-0000023A0C194C80 doesn't match image C:\Users\mert1\OneDrive\Documents\GitHub\Google-Jam-2024\GoogleProject_Ebrar\Library\ScriptAssemblies\Unity.TextMeshPro.Editor.dll
Symbol file LoadedFromMemory is not a mono symbol file
Symbol file data-0000023A17D66FA0 doesn't match image C:\Users\mert1\OneDrive\Documents\GitHub\Google-Jam-2024\GoogleProject_Ebrar\Library\ScriptAssemblies\Unity.ProBuilder.AssetIdRemapUtility.dll
Symbol file LoadedFromMemory is not a mono symbol file
Symbol file data-0000023A177C1040 doesn't match image C:\Users\mert1\OneDrive\Documents\GitHub\Google-Jam-2024\GoogleProject_Ebrar\Library\ScriptAssemblies\Unity.VisualScripting.State.dll
Symbol file LoadedFromMemory is not a mono symbol file
Symbol file data-0000023A177C1040 doesn't match image C:\Users\mert1\OneDrive\Documents\GitHub\Google-Jam-2024\GoogleProject_Ebrar\Library\ScriptAssemblies\Unity.VSCode.Editor.dll
Symbol file LoadedFromMemory is not a mono symbol file
- Loaded All Assemblies, in  0.668 seconds
Refreshing native plugins compatible for Editor in 8.58 ms, found 3 plugins.
Native extension for WindowsStandalone target not found
[Package Manager] Server::EnsureServerProcessIsRunning -- launch failed, reason: Unity was launched with the -noUpm command-line argument
[Package Manager] UpmClient::Send -- Unable to send message (not connected to UPM process).
[Package Manager] Cannot connect to Unity Package Manager local server
Mono: successfully reloaded assembly
- Finished resetting the current domain, in  1.705 seconds
Domain Reload Profiling: 2364ms
	BeginReloadAssembly (203ms)
		ExecutionOrderSort (0ms)
		DisableScriptedObjects (7ms)
		BackupInstance (0ms)
		ReleaseScriptingObjects (0ms)
		CreateAndSetChildDomain (35ms)
	RebuildCommonClasses (47ms)
	RebuildNativeTypeToScriptingClass (20ms)
	initialDomainReloadingComplete (51ms)
	LoadAllAssembliesAndSetupDomain (337ms)
		LoadAssemblies (440ms)
		RebuildTransferFunctionScriptingTraits (0ms)
		AnalyzeDomain (14ms)
			TypeCache.Refresh (6ms)
				TypeCache.ScanAssembly (0ms)
			ScanForSourceGeneratedMonoScriptInfo (0ms)
			ResolveRequiredComponents (7ms)
	FinalizeReload (1706ms)
		ReleaseScriptCaches (0ms)
		RebuildScriptCaches (0ms)
		SetupLoadedEditorAssemblies (771ms)
			LogAssemblyErrors (0ms)
			InitializePlatformSupportModulesInManaged (12ms)
			SetLoadedEditorAssemblies (4ms)
			RefreshPlugins (0ms)
			BeforeProcessingInitializeOnLoad (104ms)
			ProcessInitializeOnLoadAttributes (599ms)
			ProcessInitializeOnLoadMethodAttributes (27ms)
			AfterProcessingInitializeOnLoad (26ms)
			EditorAssembliesLoaded (0ms)
		ExecutionOrderSort2 (0ms)
		AwakeInstancesAfterBackupRestoration (9ms)
Failed to load shader (instanceID 410, GUID 9c442dc870b456e48b615cd8add0e9ef)
Failed to load shader (instanceID 408, GUID 493b79ea9c9be44ed8b702014d3ac49c)
Refreshing native plugins compatible for Editor in 8.72 ms, found 3 plugins.
Preloading 0 native plugins for Editor in 0.00 ms.
Unloading 3431 Unused Serialized files (Serialized files now loaded: 0)
Unloading 24 unused Assets / (94.0 KB). Loaded Objects now: 3933.
Memory consumption went from 127.4 MB to 127.3 MB.
Total: 4.514100 ms (FindLiveObjects: 0.332600 ms CreateObjectMapping: 0.120600 ms MarkObjects: 3.927200 ms  DeleteObjects: 0.132500 ms)

Prepare: number of updated asset objects reloaded= 0
AssetImportParameters requested are different than current active one (requested -> active):
  custom:container-demuxer-ogg: 62fdf1f143b41e24485cea50d1cbac27 -> 
  custom:video-decoder-ogg-theora: a1e56fd34408186e4bbccfd4996cb3dc -> 
  custom:framework-win-MediaFoundation: 216162199b28c13a410421893ffa2e32 -> 
  custom:CustomObjectIndexerAttribute: 9a22284fe3817be447336de3de66b15e -> 
  custom:container-demuxer-webm: 4f35f7cbe854078d1ac9338744f61a02 -> 
  custom:container-muxer-webm: aa71ff27fc2769a1b78a27578f13a17b -> 
  custom:video-decoder-webm-vp8: 9c59270c3fd7afecdb556c50c9e8de78 -> 
  custom:SearchIndexIgnoredProperties: e643bd26f0fe6173181afceb89e7c659 -> 
  custom:AudioImporter_EditorPlatform: d09bf68614088b80899f8185d706f6e7 -> 
  custom:video-encoder-webm-vp8: eb34c28f22e8b96e1ab97ce403110664 -> 
  custom:audio-decoder-ogg-vorbis: bf7c407c2cedff20999df2af8eb42d56 -> 
  custom:audio-encoder-webm-vorbis: bf7c407c2cedff20999df2af8eb42d56 -> 
========================================================================
Received Prepare
Begin MonoManager ReloadAssembly
Symbol file data-0000023A18C79F70 doesn't match image C:\Users\mert1\OneDrive\Documents\GitHub\Google-Jam-2024\GoogleProject_Ebrar\Library\ScriptAssemblies\Unity.EditorCoroutines.Editor.dll
Symbol file LoadedFromMemory is not a mono symbol file
Symbol file data-0000023A5B37E020 doesn't match image C:\Users\mert1\OneDrive\Documents\GitHub\Google-Jam-2024\GoogleProject_Ebrar\Library\ScriptAssemblies\Unity.PlasticSCM.Editor.dll
Symbol file LoadedFromMemory is not a mono symbol file
Symbol file data-0000023A18C79F70 doesn't match image C:\Users\mert1\OneDrive\Documents\GitHub\Google-Jam-2024\GoogleProject_Ebrar\Library\ScriptAssemblies\Unity.ProBuilder.Stl.dll
Symbol file LoadedFromMemory is not a mono symbol file
Symbol file data-0000023A0C70FF00 doesn't match image C:\Users\mert1\OneDrive\Documents\GitHub\Google-Jam-2024\GoogleProject_Ebrar\Library\ScriptAssemblies\Unity.ProBuilder.dll
Symbol file LoadedFromMemory is not a mono symbol file
Symbol file data-0000023A5AD91030 doesn't match image C:\Users\mert1\OneDrive\Documents\GitHub\Google-Jam-2024\GoogleProject_Ebrar\Library\ScriptAssemblies\Unity.Timeline.Editor.dll
Symbol file LoadedFromMemory is not a mono symbol file
Symbol file data-0000023A18C79F70 doesn't match image C:\Users\mert1\OneDrive\Documents\GitHub\Google-Jam-2024\GoogleProject_Ebrar\Library\ScriptAssemblies\Unity.VisualScripting.Shared.Editor.dll
Symbol file LoadedFromMemory is not a mono symbol file
Symbol file data-0000023A0F501020 doesn't match image C:\Users\mert1\OneDrive\Documents\GitHub\Google-Jam-2024\GoogleProject_Ebrar\Library\ScriptAssemblies\Unity.CollabProxy.Editor.dll
Symbol file LoadedFromMemory is not a mono symbol file
Symbol file data-0000023A174E4040 doesn't match image C:\Users\mert1\OneDrive\Documents\GitHub\Google-Jam-2024\GoogleProject_Ebrar\Library\ScriptAssemblies\Unity.VisualStudio.Editor.dll
Symbol file LoadedFromMemory is not a mono symbol file
Symbol file data-0000023A17853030 doesn't match image C:\Users\mert1\OneDrive\Documents\GitHub\Google-Jam-2024\GoogleProject_Ebrar\Library\ScriptAssemblies\UnityEditor.UI.dll
Symbol file LoadedFromMemory is not a mono symbol file
Symbol file data-0000023A58F50080 doesn't match image C:\Users\mert1\OneDrive\Documents\GitHub\Google-Jam-2024\GoogleProject_Ebrar\Library\ScriptAssemblies\Unity.VisualScripting.Core.dll
Symbol file LoadedFromMemory is not a mono symbol file
Symbol file data-0000023A0D6CC020 doesn't match image C:\Users\mert1\OneDrive\Documents\GitHub\Google-Jam-2024\GoogleProject_Ebrar\Library\ScriptAssemblies\UnityEngine.UI.dll
Symbol file LoadedFromMemory is not a mono symbol file
Symbol file data-0000023A0D5B2010 doesn't match image C:\Users\mert1\OneDrive\Documents\GitHub\Google-Jam-2024\GoogleProject_Ebrar\Library\ScriptAssemblies\Unity.VisualScripting.Core.Editor.dll
Symbol file LoadedFromMemory is not a mono symbol file
Symbol file data-0000023A0F501020 doesn't match image C:\Users\mert1\OneDrive\Documents\GitHub\Google-Jam-2024\GoogleProject_Ebrar\Library\ScriptAssemblies\Unity.ProBuilder.AddOns.Editor.dll
Symbol file LoadedFromMemory is not a mono symbol file
Symbol file data-0000023A171EA010 doesn't match image C:\Users\mert1\OneDrive\Documents\GitHub\Google-Jam-2024\GoogleProject_Ebrar\Library\ScriptAssemblies\Unity.Rider.Editor.dll
Symbol file LoadedFromMemory is not a mono symbol file
Symbol file data-0000023A596D7020 doesn't match image C:\Users\mert1\OneDrive\Documents\GitHub\Google-Jam-2024\GoogleProject_Ebrar\Library\ScriptAssemblies\Unity.ProBuilder.Csg.dll
Symbol file LoadedFromMemory is not a mono symbol file
Symbol file data-0000023A17FDC020 doesn't match image C:\Users\mert1\OneDrive\Documents\GitHub\Google-Jam-2024\GoogleProject_Ebrar\Library\ScriptAssemblies\UnityEditor.TestRunner.dll
Symbol file LoadedFromMemory is not a mono symbol file
Symbol file data-0000023A0BBF0080 doesn't match image C:\Users\mert1\OneDrive\Documents\GitHub\Google-Jam-2024\GoogleProject_Ebrar\Library\ScriptAssemblies\Unity.VisualScripting.Flow.dll
Symbol file LoadedFromMemory is not a mono symbol file
Symbol file data-0000023A5B4C2020 doesn't match image C:\Users\mert1\OneDrive\Documents\GitHub\Google-Jam-2024\GoogleProject_Ebrar\Library\ScriptAssemblies\Unity.VisualScripting.Flow.Editor.dll
Symbol file LoadedFromMemory is not a mono symbol file
Symbol file data-0000023A0F542DD0 doesn't match image C:\Users\mert1\OneDrive\Documents\GitHub\Google-Jam-2024\GoogleProject_Ebrar\Library\ScriptAssemblies\Unity.Timeline.dll
Symbol file LoadedFromMemory is not a mono symbol file
Symbol file data-0000023A18C79F70 doesn't match image C:\Users\mert1\OneDrive\Documents\GitHub\Google-Jam-2024\GoogleProject_Ebrar\Library\ScriptAssemblies\Unity.TestTools.CodeCoverage.Editor.OpenCover.Mono.Reflection.dll
Symbol file LoadedFromMemory is not a mono symbol file
Symbol file data-0000023A0BBF0080 doesn't match image C:\Users\mert1\OneDrive\Documents\GitHub\Google-Jam-2024\GoogleProject_Ebrar\Library\ScriptAssemblies\Unity.ProBuilder.Editor.dll
Symbol file LoadedFromMemory is not a mono symbol file
Symbol file data-0000023A5AC4BE80 doesn't match image C:\Users\mert1\OneDrive\Documents\GitHub\Google-Jam-2024\GoogleProject_Ebrar\Library\ScriptAssemblies\Unity.VisualScripting.SettingsProvider.Editor.dll
Symbol file LoadedFromMemory is not a mono symbol file
Symbol file data-0000023A5B4C2020 doesn't match image C:\Users\mert1\OneDrive\Documents\GitHub\Google-Jam-2024\GoogleProject_Ebrar\Library\ScriptAssemblies\Unity.Performance.Profile-Analyzer.Editor.dll
Symbol file LoadedFromMemory is not a mono symbol file
Symbol file data-0000023A174E4040 doesn't match image C:\Users\mert1\OneDrive\Documents\GitHub\Google-Jam-2024\GoogleProject_Ebrar\Library\ScriptAssemblies\Unity.TestTools.CodeCoverage.Editor.dll
Symbol file LoadedFromMemory is not a mono symbol file
Symbol file data-0000023A0EAB8040 doesn't match image C:\Users\mert1\OneDrive\Documents\GitHub\Google-Jam-2024\GoogleProject_Ebrar\Library\ScriptAssemblies\Unity.TestTools.CodeCoverage.Editor.OpenCover.Model.dll
Symbol file LoadedFromMemory is not a mono symbol file
Symbol file data-0000023A0F683050 doesn't match image C:\Users\mert1\OneDrive\Documents\GitHub\Google-Jam-2024\GoogleProject_Ebrar\Library\ScriptAssemblies\Unity.ProBuilder.Poly2Tri.dll
Symbol file LoadedFromMemory is not a mono symbol file
Symbol file data-0000023A170EC030 doesn't match image C:\Users\mert1\OneDrive\Documents\GitHub\Google-Jam-2024\GoogleProject_Ebrar\Library\ScriptAssemblies\UnityEngine.TestRunner.dll
Symbol file LoadedFromMemory is not a mono symbol file
Symbol file data-0000023A17853030 doesn't match image C:\Users\mert1\OneDrive\Documents\GitHub\Google-Jam-2024\GoogleProject_Ebrar\Library\ScriptAssemblies\Unity.VisualScripting.State.Editor.dll
Symbol file LoadedFromMemory is not a mono symbol file
Symbol file data-0000023A0E7D2030 doesn't match image C:\Users\mert1\OneDrive\Documents\GitHub\Google-Jam-2024\GoogleProject_Ebrar\Library\ScriptAssemblies\Unity.Settings.Editor.dll
Symbol file LoadedFromMemory is not a mono symbol file
Symbol file data-0000023A0EAB8040 doesn't match image C:\Users\mert1\OneDrive\Documents\GitHub\Google-Jam-2024\GoogleProject_Ebrar\Library\ScriptAssemblies\Unity.ProBuilder.KdTree.dll
Symbol file LoadedFromMemory is not a mono symbol file
Symbol file data-0000023A0C70FF00 doesn't match image C:\Users\mert1\OneDrive\Documents\GitHub\Google-Jam-2024\GoogleProject_Ebrar\Library\ScriptAssemblies\Unity.TextMeshPro.dll
Symbol file LoadedFromMemory is not a mono symbol file
Symbol file data-0000023A0C194C80 doesn't match image C:\Users\mert1\OneDrive\Documents\GitHub\Google-Jam-2024\GoogleProject_Ebrar\Library\ScriptAssemblies\Unity.TextMeshPro.Editor.dll
Symbol file LoadedFromMemory is not a mono symbol file
Symbol file data-0000023A0EAB8040 doesn't match image C:\Users\mert1\OneDrive\Documents\GitHub\Google-Jam-2024\GoogleProject_Ebrar\Library\ScriptAssemblies\Unity.ProBuilder.AssetIdRemapUtility.dll
Symbol file LoadedFromMemory is not a mono symbol file
Symbol file data-0000023A59805020 doesn't match image C:\Users\mert1\OneDrive\Documents\GitHub\Google-Jam-2024\GoogleProject_Ebrar\Library\ScriptAssemblies\Unity.VisualScripting.State.dll
Symbol file LoadedFromMemory is not a mono symbol file
Symbol file data-0000023A59805020 doesn't match image C:\Users\mert1\OneDrive\Documents\GitHub\Google-Jam-2024\GoogleProject_Ebrar\Library\ScriptAssemblies\Unity.VSCode.Editor.dll
Symbol file LoadedFromMemory is not a mono symbol file
- Loaded All Assemblies, in  0.654 seconds
Refreshing native plugins compatible for Editor in 7.22 ms, found 3 plugins.
Native extension for WindowsStandalone target not found
[Package Manager] Server::EnsureServerProcessIsRunning -- launch failed, reason: Unity was launched with the -noUpm command-line argument
[Package Manager] UpmClient::Send -- Unable to send message (not connected to UPM process).
[Package Manager] Cannot connect to Unity Package Manager local server
Mono: successfully reloaded assembly
- Finished resetting the current domain, in  1.675 seconds
Domain Reload Profiling: 2318ms
	BeginReloadAssembly (211ms)
		ExecutionOrderSort (0ms)
		DisableScriptedObjects (7ms)
		BackupInstance (0ms)
		ReleaseScriptingObjects (0ms)
		CreateAndSetChildDomain (36ms)
	RebuildCommonClasses (48ms)
	RebuildNativeTypeToScriptingClass (14ms)
	initialDomainReloadingComplete (52ms)
	LoadAllAssembliesAndSetupDomain (317ms)
		LoadAssemblies (420ms)
		RebuildTransferFunctionScriptingTraits (0ms)
		AnalyzeDomain (13ms)
			TypeCache.Refresh (6ms)
				TypeCache.ScanAssembly (0ms)
			ScanForSourceGeneratedMonoScriptInfo (0ms)
			ResolveRequiredComponents (6ms)
	FinalizeReload (1676ms)
		ReleaseScriptCaches (0ms)
		RebuildScriptCaches (0ms)
		SetupLoadedEditorAssemblies (745ms)
			LogAssemblyErrors (0ms)
			InitializePlatformSupportModulesInManaged (12ms)
			SetLoadedEditorAssemblies (4ms)
			RefreshPlugins (0ms)
			BeforeProcessingInitializeOnLoad (103ms)
			ProcessInitializeOnLoadAttributes (577ms)
			ProcessInitializeOnLoadMethodAttributes (26ms)
			AfterProcessingInitializeOnLoad (22ms)
			EditorAssembliesLoaded (0ms)
		ExecutionOrderSort2 (0ms)
		AwakeInstancesAfterBackupRestoration (9ms)
Failed to load shader (instanceID 410, GUID 9c442dc870b456e48b615cd8add0e9ef)
Failed to load shader (instanceID 408, GUID 493b79ea9c9be44ed8b702014d3ac49c)
Refreshing native plugins compatible for Editor in 8.78 ms, found 3 plugins.
Preloading 0 native plugins for Editor in 0.00 ms.
Unloading 3431 Unused Serialized files (Serialized files now loaded: 0)
Unloading 24 unused Assets / (77.7 KB). Loaded Objects now: 3936.
Memory consumption went from 127.4 MB to 127.4 MB.
Total: 3.591300 ms (FindLiveObjects: 0.303400 ms CreateObjectMapping: 0.091300 ms MarkObjects: 3.082500 ms  DeleteObjects: 0.112500 ms)

Prepare: number of updated asset objects reloaded= 0
AssetImportParameters requested are different than current active one (requested -> active):
  custom:container-demuxer-ogg: 62fdf1f143b41e24485cea50d1cbac27 -> 
  custom:video-decoder-ogg-theora: a1e56fd34408186e4bbccfd4996cb3dc -> 
  custom:framework-win-MediaFoundation: 216162199b28c13a410421893ffa2e32 -> 
  custom:CustomObjectIndexerAttribute: 9a22284fe3817be447336de3de66b15e -> 
  custom:container-demuxer-webm: 4f35f7cbe854078d1ac9338744f61a02 -> 
  custom:container-muxer-webm: aa71ff27fc2769a1b78a27578f13a17b -> 
  custom:video-decoder-webm-vp8: 9c59270c3fd7afecdb556c50c9e8de78 -> 
  custom:SearchIndexIgnoredProperties: e643bd26f0fe6173181afceb89e7c659 -> 
  custom:AudioImporter_EditorPlatform: d09bf68614088b80899f8185d706f6e7 -> 
  custom:video-encoder-webm-vp8: eb34c28f22e8b96e1ab97ce403110664 -> 
  custom:audio-decoder-ogg-vorbis: bf7c407c2cedff20999df2af8eb42d56 -> 
  custom:audio-encoder-webm-vorbis: bf7c407c2cedff20999df2af8eb42d56 -> 
